{"/home/travis/build/npmtest/node-npmtest-cloudinary/test.js":{"path":"/home/travis/build/npmtest/node-npmtest-cloudinary/test.js","s":{"1":2,"2":2,"3":2,"4":2,"5":2,"6":2,"7":2,"8":1,"9":2,"10":2,"11":1,"12":1,"13":1,"14":1,"15":2,"16":2,"17":2,"18":2,"19":1,"20":1,"21":2,"22":2,"23":2,"24":1,"25":1,"26":1,"27":1,"28":1,"29":1,"30":1,"31":1,"32":1,"33":1,"34":1,"35":1,"36":1,"37":1,"38":1,"39":2,"40":2,"41":1,"42":2,"43":2,"44":1,"45":2,"46":2,"47":1,"48":2,"49":2,"50":1,"51":1,"52":1,"53":1,"54":1},"b":{"1":[2,1,1,1],"2":[1,1,1,1],"3":[1,1],"4":[1,1],"5":[1,1],"6":[1,1],"7":[1,1],"8":[1,1],"9":[1,1],"10":[1,1,1],"11":[1,1],"12":[1,1],"13":[1,1],"14":[1,1],"15":[1,1],"16":[1,1],"17":[1,1]},"f":{"1":2,"2":2,"3":2,"4":2,"5":2,"6":1,"7":1,"8":1,"9":2,"10":2,"11":2,"12":2,"13":1},"fnMap":{"1":{"name":"(anonymous_1)","line":12,"loc":{"start":{"line":12,"column":1},"end":{"line":12,"column":13}}},"2":{"name":"(anonymous_2)","line":19,"loc":{"start":{"line":19,"column":5},"end":{"line":19,"column":17}}},"3":{"name":"(anonymous_3)","line":23,"loc":{"start":{"line":23,"column":24},"end":{"line":23,"column":36}}},"4":{"name":"(anonymous_4)","line":61,"loc":{"start":{"line":61,"column":5},"end":{"line":61,"column":17}}},"5":{"name":"(anonymous_5)","line":82,"loc":{"start":{"line":82,"column":5},"end":{"line":82,"column":17}}},"6":{"name":"(anonymous_6)","line":91,"loc":{"start":{"line":91,"column":77},"end":{"line":94,"column":10}}},"7":{"name":"(anonymous_7)","line":112,"loc":{"start":{"line":112,"column":83},"end":{"line":115,"column":10}},"skip":true},"8":{"name":"(anonymous_8)","line":123,"loc":{"start":{"line":123,"column":77},"end":{"line":126,"column":10}},"skip":true},"9":{"name":"(anonymous_9)","line":139,"loc":{"start":{"line":139,"column":12},"end":{"line":139,"column":40}},"skip":true},"10":{"name":"(anonymous_10)","line":147,"loc":{"start":{"line":147,"column":77},"end":{"line":150,"column":10}},"skip":true},"11":{"name":"(anonymous_11)","line":158,"loc":{"start":{"line":158,"column":83},"end":{"line":161,"column":10}},"skip":true},"12":{"name":"(anonymous_12)","line":169,"loc":{"start":{"line":169,"column":79},"end":{"line":172,"column":10}},"skip":true},"13":{"name":"(anonymous_13)","line":180,"loc":{"start":{"line":180,"column":75},"end":{"line":183,"column":10}},"skip":true}},"statementMap":{"1":{"start":{"line":12,"column":0},"end":{"line":195,"column":5}},"2":{"start":{"line":14,"column":4},"end":{"line":14,"column":14}},"3":{"start":{"line":19,"column":4},"end":{"line":56,"column":9}},"4":{"start":{"line":21,"column":8},"end":{"line":21,"column":19}},"5":{"start":{"line":23,"column":8},"end":{"line":35,"column":13}},"6":{"start":{"line":24,"column":12},"end":{"line":34,"column":13}},"7":{"start":{"line":25,"column":16},"end":{"line":28,"column":30}},"8":{"start":{"line":30,"column":16},"end":{"line":33,"column":27}},"9":{"start":{"line":37,"column":8},"end":{"line":39,"column":21}},"10":{"start":{"line":40,"column":8},"end":{"line":53,"column":9}},"11":{"start":{"line":43,"column":12},"end":{"line":46,"column":14}},"12":{"start":{"line":47,"column":12},"end":{"line":47,"column":18}},"13":{"start":{"line":50,"column":12},"end":{"line":51,"column":46}},"14":{"start":{"line":52,"column":12},"end":{"line":52,"column":18}},"15":{"start":{"line":55,"column":8},"end":{"line":55,"column":35}},"16":{"start":{"line":61,"column":4},"end":{"line":63,"column":9}},"17":{"start":{"line":62,"column":8},"end":{"line":62,"column":15}},"18":{"start":{"line":64,"column":4},"end":{"line":77,"column":5}},"19":{"start":{"line":70,"column":8},"end":{"line":70,"column":14}},"20":{"start":{"line":76,"column":8},"end":{"line":76,"column":14}},"21":{"start":{"line":82,"column":4},"end":{"line":84,"column":9}},"22":{"start":{"line":83,"column":8},"end":{"line":83,"column":15}},"23":{"start":{"line":85,"column":4},"end":{"line":194,"column":5}},"24":{"start":{"line":91,"column":8},"end":{"line":99,"column":10}},"25":{"start":{"line":98,"column":12},"end":{"line":98,"column":35}},"26":{"start":{"line":102,"column":8},"end":{"line":104,"column":63}},"27":{"start":{"line":105,"column":8},"end":{"line":105,"column":14}},"28":{"start":{"line":112,"column":8},"end":{"line":121,"column":10},"skip":true},"29":{"start":{"line":119,"column":12},"end":{"line":119,"column":55},"skip":true},"30":{"start":{"line":120,"column":12},"end":{"line":120,"column":48},"skip":true},"31":{"start":{"line":123,"column":8},"end":{"line":136,"column":10},"skip":true},"32":{"start":{"line":130,"column":12},"end":{"line":130,"column":76},"skip":true},"33":{"start":{"line":131,"column":12},"end":{"line":131,"column":73},"skip":true},"34":{"start":{"line":132,"column":12},"end":{"line":132,"column":74},"skip":true},"35":{"start":{"line":133,"column":12},"end":{"line":133,"column":79},"skip":true},"36":{"start":{"line":134,"column":12},"end":{"line":134,"column":25},"skip":true},"37":{"start":{"line":135,"column":12},"end":{"line":135,"column":45},"skip":true},"38":{"start":{"line":138,"column":8},"end":{"line":145,"column":14},"skip":true},"39":{"start":{"line":143,"column":16},"end":{"line":143,"column":29},"skip":true},"40":{"start":{"line":144,"column":16},"end":{"line":144,"column":55},"skip":true},"41":{"start":{"line":147,"column":8},"end":{"line":156,"column":10},"skip":true},"42":{"start":{"line":154,"column":12},"end":{"line":154,"column":25},"skip":true},"43":{"start":{"line":155,"column":12},"end":{"line":155,"column":45},"skip":true},"44":{"start":{"line":158,"column":8},"end":{"line":167,"column":10},"skip":true},"45":{"start":{"line":165,"column":12},"end":{"line":165,"column":25},"skip":true},"46":{"start":{"line":166,"column":12},"end":{"line":166,"column":48},"skip":true},"47":{"start":{"line":169,"column":8},"end":{"line":178,"column":10},"skip":true},"48":{"start":{"line":176,"column":12},"end":{"line":176,"column":25},"skip":true},"49":{"start":{"line":177,"column":12},"end":{"line":177,"column":46},"skip":true},"50":{"start":{"line":180,"column":8},"end":{"line":189,"column":10},"skip":true},"51":{"start":{"line":187,"column":12},"end":{"line":187,"column":94},"skip":true},"52":{"start":{"line":188,"column":12},"end":{"line":188,"column":48},"skip":true},"53":{"start":{"line":192,"column":8},"end":{"line":192,"column":35},"skip":true},"54":{"start":{"line":193,"column":8},"end":{"line":193,"column":14},"skip":true}},"branchMap":{"1":{"line":25,"type":"binary-expr","locations":[{"start":{"line":25,"column":23},"end":{"line":25,"column":62}},{"start":{"line":26,"column":20},"end":{"line":26,"column":70}},{"start":{"line":27,"column":20},"end":{"line":27,"column":71}},{"start":{"line":28,"column":20},"end":{"line":28,"column":29}}]},"2":{"line":30,"type":"binary-expr","locations":[{"start":{"line":30,"column":23},"end":{"line":30,"column":37}},{"start":{"line":31,"column":20},"end":{"line":31,"column":61}},{"start":{"line":32,"column":20},"end":{"line":32,"column":70}},{"start":{"line":33,"column":20},"end":{"line":33,"column":26}}]},"3":{"line":37,"type":"cond-expr","locations":[{"start":{"line":38,"column":14},"end":{"line":38,"column":20}},{"start":{"line":39,"column":14},"end":{"line":39,"column":20}}]},"4":{"line":40,"type":"switch","locations":[{"start":{"line":42,"column":8},"end":{"line":47,"column":18}},{"start":{"line":49,"column":8},"end":{"line":52,"column":18}}]},"5":{"line":44,"type":"binary-expr","locations":[{"start":{"line":44,"column":16},"end":{"line":44,"column":44}},{"start":{"line":44,"column":48},"end":{"line":44,"column":66}}]},"6":{"line":50,"type":"binary-expr","locations":[{"start":{"line":50,"column":21},"end":{"line":50,"column":49}},{"start":{"line":50,"column":53},"end":{"line":50,"column":72}}]},"7":{"line":64,"type":"switch","locations":[{"start":{"line":69,"column":4},"end":{"line":70,"column":14}},{"start":{"line":75,"column":4},"end":{"line":76,"column":14}}]},"8":{"line":85,"type":"switch","locations":[{"start":{"line":90,"column":4},"end":{"line":105,"column":14}},{"start":{"line":111,"column":4},"end":{"line":193,"column":14},"skip":true}]},"9":{"line":91,"type":"binary-expr","locations":[{"start":{"line":91,"column":42},"end":{"line":91,"column":73}},{"start":{"line":91,"column":77},"end":{"line":99,"column":9}}]},"10":{"line":102,"type":"binary-expr","locations":[{"start":{"line":102,"column":18},"end":{"line":102,"column":32}},{"start":{"line":103,"column":12},"end":{"line":103,"column":53}},{"start":{"line":104,"column":12},"end":{"line":104,"column":61}}]},"11":{"line":112,"type":"binary-expr","locations":[{"start":{"line":112,"column":45},"end":{"line":112,"column":79},"skip":true},{"start":{"line":112,"column":83},"end":{"line":121,"column":9},"skip":true}]},"12":{"line":123,"type":"binary-expr","locations":[{"start":{"line":123,"column":42},"end":{"line":123,"column":73},"skip":true},{"start":{"line":123,"column":77},"end":{"line":136,"column":9},"skip":true}]},"13":{"line":138,"type":"binary-expr","locations":[{"start":{"line":138,"column":48},"end":{"line":138,"column":85},"skip":true},{"start":{"line":139,"column":12},"end":{"line":145,"column":13},"skip":true}]},"14":{"line":147,"type":"binary-expr","locations":[{"start":{"line":147,"column":42},"end":{"line":147,"column":73},"skip":true},{"start":{"line":147,"column":77},"end":{"line":156,"column":9},"skip":true}]},"15":{"line":158,"type":"binary-expr","locations":[{"start":{"line":158,"column":45},"end":{"line":158,"column":79},"skip":true},{"start":{"line":158,"column":83},"end":{"line":167,"column":9},"skip":true}]},"16":{"line":169,"type":"binary-expr","locations":[{"start":{"line":169,"column":43},"end":{"line":169,"column":75},"skip":true},{"start":{"line":169,"column":79},"end":{"line":178,"column":9},"skip":true}]},"17":{"line":180,"type":"binary-expr","locations":[{"start":{"line":180,"column":41},"end":{"line":180,"column":71},"skip":true},{"start":{"line":180,"column":75},"end":{"line":189,"column":9},"skip":true}]}},"code":["/* istanbul instrument in package npmtest_cloudinary */","/*jslint","    bitwise: true,","    browser: true,","    maxerr: 8,","    maxlen: 96,","    node: true,","    nomen: true,","    regexp: true,","    stupid: true","*/","(function () {","    'use strict';","    var local;","","","","    // run shared js-env code - pre-init","    (function () {","        // init local","        local = {};","        // init modeJs","        local.modeJs = (function () {","            try {","                return typeof navigator.userAgent === 'string' &&","                    typeof document.querySelector('body') === 'object' &&","                    typeof XMLHttpRequest.prototype.open === 'function' &&","                    'browser';","            } catch (errorCaughtBrowser) {","                return module.exports &&","                    typeof process.versions.node === 'string' &&","                    typeof require('http').createServer === 'function' &&","                    'node';","            }","        }());","        // init global","        local.global = local.modeJs === 'browser'","            ? window","            : global;","        switch (local.modeJs) {","        // re-init local from window.local","        case 'browser':","            local = local.global.utility2.objectSetDefault(","                local.global.utility2_rollup || local.global.local,","                local.global.utility2","            );","            break;","        // re-init local from example.js","        case 'node':","            local = (local.global.utility2_rollup || require('utility2'))","                .requireExampleJsFromReadme();","            break;","        }","        // export local","        local.global.local = local;","    }());","","","","    // run shared js-env code - function","    (function () {","        return;","    }());","    switch (local.modeJs) {","","","","    // run browser js-env code - function","    case 'browser':","        break;","","","","    // run node js-env code - function","    case 'node':","        break;","    }","","","","    // run shared js-env code - post-init","    (function () {","        return;","    }());","    switch (local.modeJs) {","","","","    // run browser js-env code - post-init","    case 'browser':","        local.testCase_browser_nullCase = local.testCase_browser_nullCase || function (","            options,","            onError","        ) {","        /*","         * this function will test browsers's null-case handling-behavior-behavior","         */","            onError(null, options);","        };","","        // run tests","        local.nop(local.modeTest &&","            document.querySelector('#testRunButton1') &&","            document.querySelector('#testRunButton1').click());","        break;","","","","    // run node js-env code - post-init","    /* istanbul ignore next */","    case 'node':","        local.testCase_buildApidoc_default = local.testCase_buildApidoc_default || function (","            options,","            onError","        ) {","        /*","         * this function will test buildApidoc's default handling-behavior-behavior","         */","            options = { modulePathList: module.paths };","            local.buildApidoc(options, onError);","        };","","        local.testCase_buildApp_default = local.testCase_buildApp_default || function (","            options,","            onError","        ) {","        /*","         * this function will test buildApp's default handling-behavior-behavior","         */","            local.testCase_buildReadme_default(options, local.onErrorThrow);","            local.testCase_buildLib_default(options, local.onErrorThrow);","            local.testCase_buildTest_default(options, local.onErrorThrow);","            local.testCase_buildCustomOrg_default(options, local.onErrorThrow);","            options = [];","            local.buildApp(options, onError);","        };","","        local.testCase_buildCustomOrg_default = local.testCase_buildCustomOrg_default ||","            function (options, onError) {","            /*","             * this function will test buildCustomOrg's default handling-behavior","             */","                options = {};","                local.buildCustomOrg(options, onError);","            };","","        local.testCase_buildLib_default = local.testCase_buildLib_default || function (","            options,","            onError","        ) {","        /*","         * this function will test buildLib's default handling-behavior","         */","            options = {};","            local.buildLib(options, onError);","        };","","        local.testCase_buildReadme_default = local.testCase_buildReadme_default || function (","            options,","            onError","        ) {","        /*","         * this function will test buildReadme's default handling-behavior-behavior","         */","            options = {};","            local.buildReadme(options, onError);","        };","","        local.testCase_buildTest_default = local.testCase_buildTest_default || function (","            options,","            onError","        ) {","        /*","         * this function will test buildTest's default handling-behavior","         */","            options = {};","            local.buildTest(options, onError);","        };","","        local.testCase_webpage_default = local.testCase_webpage_default || function (","            options,","            onError","        ) {","        /*","         * this function will test webpage's default handling-behavior","         */","            options = { modeCoverageMerge: true, url: local.serverLocalHost + '?modeTest=1' };","            local.browserTest(options, onError);","        };","","        // run test-server","        local.testRunServer(local);","        break;","    }","}());",""],"l":{"12":2,"14":2,"19":2,"21":2,"23":2,"24":2,"25":2,"30":1,"37":2,"40":2,"43":1,"47":1,"50":1,"52":1,"55":2,"61":2,"62":2,"64":2,"70":1,"76":1,"82":2,"83":2,"85":2,"91":1,"98":1,"102":1,"105":1,"112":1,"119":1,"120":1,"123":1,"130":1,"131":1,"132":1,"133":1,"134":1,"135":1,"138":1,"143":2,"144":2,"147":1,"154":2,"155":2,"158":1,"165":2,"166":2,"169":1,"176":2,"177":2,"180":1,"187":1,"188":1,"192":1,"193":1}},"/home/travis/build/npmtest/node-npmtest-cloudinary/lib.npmtest_cloudinary.js":{"path":"/home/travis/build/npmtest/node-npmtest-cloudinary/lib.npmtest_cloudinary.js","s":{"1":2,"2":2,"3":2,"4":2,"5":2,"6":2,"7":2,"8":1,"9":2,"10":2,"11":2,"12":2,"13":1,"14":1,"15":1,"16":1},"b":{"1":[2,1,1,1],"2":[1,1,1,1],"3":[1,1],"4":[2,2],"5":[1,1]},"f":{"1":2,"2":2,"3":2},"fnMap":{"1":{"name":"(anonymous_1)","line":12,"loc":{"start":{"line":12,"column":1},"end":{"line":12,"column":13}}},"2":{"name":"(anonymous_2)","line":19,"loc":{"start":{"line":19,"column":5},"end":{"line":19,"column":17}}},"3":{"name":"(anonymous_3)","line":23,"loc":{"start":{"line":23,"column":24},"end":{"line":23,"column":36}}}},"statementMap":{"1":{"start":{"line":12,"column":0},"end":{"line":53,"column":5}},"2":{"start":{"line":14,"column":4},"end":{"line":14,"column":14}},"3":{"start":{"line":19,"column":4},"end":{"line":52,"column":9}},"4":{"start":{"line":21,"column":8},"end":{"line":21,"column":19}},"5":{"start":{"line":23,"column":8},"end":{"line":35,"column":13}},"6":{"start":{"line":24,"column":12},"end":{"line":34,"column":13}},"7":{"start":{"line":25,"column":16},"end":{"line":28,"column":30}},"8":{"start":{"line":30,"column":16},"end":{"line":33,"column":27}},"9":{"start":{"line":37,"column":8},"end":{"line":39,"column":21}},"10":{"start":{"line":41,"column":8},"end":{"line":41,"column":54}},"11":{"start":{"line":43,"column":8},"end":{"line":43,"column":55}},"12":{"start":{"line":45,"column":8},"end":{"line":51,"column":9}},"13":{"start":{"line":46,"column":12},"end":{"line":46,"column":61}},"14":{"start":{"line":48,"column":12},"end":{"line":48,"column":35}},"15":{"start":{"line":49,"column":12},"end":{"line":49,"column":49}},"16":{"start":{"line":50,"column":12},"end":{"line":50,"column":43}}},"branchMap":{"1":{"line":25,"type":"binary-expr","locations":[{"start":{"line":25,"column":23},"end":{"line":25,"column":62}},{"start":{"line":26,"column":20},"end":{"line":26,"column":70}},{"start":{"line":27,"column":20},"end":{"line":27,"column":71}},{"start":{"line":28,"column":20},"end":{"line":28,"column":29}}]},"2":{"line":30,"type":"binary-expr","locations":[{"start":{"line":30,"column":23},"end":{"line":30,"column":37}},{"start":{"line":31,"column":20},"end":{"line":31,"column":61}},{"start":{"line":32,"column":20},"end":{"line":32,"column":70}},{"start":{"line":33,"column":20},"end":{"line":33,"column":26}}]},"3":{"line":37,"type":"cond-expr","locations":[{"start":{"line":38,"column":14},"end":{"line":38,"column":20}},{"start":{"line":39,"column":14},"end":{"line":39,"column":20}}]},"4":{"line":41,"type":"binary-expr","locations":[{"start":{"line":41,"column":16},"end":{"line":41,"column":44}},{"start":{"line":41,"column":48},"end":{"line":41,"column":53}}]},"5":{"line":45,"type":"if","locations":[{"start":{"line":45,"column":8},"end":{"line":45,"column":8}},{"start":{"line":45,"column":8},"end":{"line":45,"column":8}}]}},"code":["/* istanbul instrument in package npmtest_cloudinary */","/*jslint","    bitwise: true,","    browser: true,","    maxerr: 8,","    maxlen: 96,","    node: true,","    nomen: true,","    regexp: true,","    stupid: true","*/","(function () {","    'use strict';","    var local;","","","","    // run shared js-env code - pre-init","    (function () {","        // init local","        local = {};","        // init modeJs","        local.modeJs = (function () {","            try {","                return typeof navigator.userAgent === 'string' &&","                    typeof document.querySelector('body') === 'object' &&","                    typeof XMLHttpRequest.prototype.open === 'function' &&","                    'browser';","            } catch (errorCaughtBrowser) {","                return module.exports &&","                    typeof process.versions.node === 'string' &&","                    typeof require('http').createServer === 'function' &&","                    'node';","            }","        }());","        // init global","        local.global = local.modeJs === 'browser'","            ? window","            : global;","        // init utility2_rollup","        local = local.global.utility2_rollup || local;","        // init lib","        local.local = local.npmtest_cloudinary = local;","        // init exports","        if (local.modeJs === 'browser') {","            local.global.utility2_npmtest_cloudinary = local;","        } else {","            module.exports = local;","            module.exports.__dirname = __dirname;","            module.exports.module = module;","        }","    }());","}());",""],"l":{"12":2,"14":2,"19":2,"21":2,"23":2,"24":2,"25":2,"30":1,"37":2,"41":2,"43":2,"45":2,"46":1,"48":1,"49":1,"50":1}},"/home/travis/build/npmtest/node-npmtest-cloudinary/example.js":{"path":"/home/travis/build/npmtest/node-npmtest-cloudinary/example.js","s":{"1":2,"2":2,"3":2,"4":2,"5":2,"6":2,"7":2,"8":1,"9":2,"10":2,"11":2,"12":2,"13":1,"14":2,"15":2,"16":2,"17":2,"18":2,"19":0,"20":2,"21":1,"22":1,"23":1,"24":1,"25":1,"26":0,"27":0,"28":1,"29":1,"30":2,"31":0,"32":0,"33":0,"34":1,"35":2,"36":2,"37":3,"38":3,"39":3,"40":3,"41":0,"42":3,"43":3,"44":3,"45":1,"46":3,"47":1,"48":1,"49":1,"50":1,"51":1,"52":1,"53":1,"54":1,"55":1,"56":1,"57":0,"58":1,"59":6,"60":6,"61":1,"62":2,"63":0,"64":2,"65":1,"66":1,"67":0,"68":0,"69":0,"70":0,"71":0,"72":0,"73":0,"74":0,"75":0,"76":0,"77":0,"78":0,"79":0,"80":0,"81":0,"82":0,"83":0},"b":{"1":[2,1,1,1],"2":[1,1,1,1],"3":[1,1],"4":[2,2],"5":[1,1],"6":[1,1],"7":[2,0],"8":[2,1,1,1,1,1],"9":[0,2,0],"10":[1,1],"11":[2,1,1],"12":[1,0],"13":[0,2],"14":[2,0,0,0,0,0,0],"15":[0,3],"16":[3,0],"17":[1,1],"18":[0,1],"19":[1,2,0,2],"20":[1,0],"21":[1,1],"22":[0,0],"23":[0,0],"24":[0,0],"25":[0,0],"26":[0,0],"27":[0,0],"28":[0,0]},"f":{"1":2,"2":2,"3":2,"4":2,"5":2,"6":2,"7":3,"8":3,"9":3,"10":1,"11":6,"12":0},"fnMap":{"1":{"name":"(anonymous_1)","line":26,"loc":{"start":{"line":26,"column":1},"end":{"line":26,"column":13}}},"2":{"name":"(anonymous_2)","line":33,"loc":{"start":{"line":33,"column":5},"end":{"line":33,"column":17}}},"3":{"name":"(anonymous_3)","line":37,"loc":{"start":{"line":37,"column":24},"end":{"line":37,"column":36}}},"4":{"name":"(anonymous_4)","line":69,"loc":{"start":{"line":69,"column":31},"end":{"line":69,"column":48}},"skip":true},"5":{"name":"(anonymous_5)","line":78,"loc":{"start":{"line":78,"column":26},"end":{"line":78,"column":45}},"skip":true},"6":{"name":"(anonymous_6)","line":123,"loc":{"start":{"line":123,"column":33},"end":{"line":123,"column":48}},"skip":true},"7":{"name":"(anonymous_7)","line":125,"loc":{"start":{"line":125,"column":27},"end":{"line":125,"column":39}},"skip":true},"8":{"name":"(anonymous_8)","line":133,"loc":{"start":{"line":133,"column":59},"end":{"line":133,"column":74}},"skip":true},"9":{"name":"(anonymous_9)","line":143,"loc":{"start":{"line":143,"column":45},"end":{"line":143,"column":62}},"skip":true},"10":{"name":"(anonymous_10)","line":144,"loc":{"start":{"line":144,"column":73},"end":{"line":144,"column":92}},"skip":true},"11":{"name":"(anonymous_11)","line":272,"loc":{"start":{"line":272,"column":51},"end":{"line":272,"column":77}},"skip":true},"12":{"name":"(anonymous_12)","line":315,"loc":{"start":{"line":315,"column":32},"end":{"line":315,"column":61}},"skip":true}},"statementMap":{"1":{"start":{"line":26,"column":0},"end":{"line":326,"column":5}},"2":{"start":{"line":28,"column":4},"end":{"line":28,"column":14}},"3":{"start":{"line":33,"column":4},"end":{"line":60,"column":9}},"4":{"start":{"line":35,"column":8},"end":{"line":35,"column":19}},"5":{"start":{"line":37,"column":8},"end":{"line":49,"column":13}},"6":{"start":{"line":38,"column":12},"end":{"line":48,"column":13}},"7":{"start":{"line":39,"column":16},"end":{"line":42,"column":30}},"8":{"start":{"line":44,"column":16},"end":{"line":47,"column":27}},"9":{"start":{"line":51,"column":8},"end":{"line":53,"column":21}},"10":{"start":{"line":55,"column":8},"end":{"line":57,"column":45}},"11":{"start":{"line":59,"column":8},"end":{"line":59,"column":35}},"12":{"start":{"line":61,"column":4},"end":{"line":325,"column":5}},"13":{"start":{"line":69,"column":8},"end":{"line":121,"column":10},"skip":true},"14":{"start":{"line":70,"column":12},"end":{"line":88,"column":13},"skip":true},"15":{"start":{"line":76,"column":16},"end":{"line":87,"column":19},"skip":true},"16":{"start":{"line":79,"column":20},"end":{"line":86,"column":21},"skip":true},"17":{"start":{"line":82,"column":24},"end":{"line":82,"column":43},"skip":true},"18":{"start":{"line":83,"column":24},"end":{"line":83,"column":30},"skip":true},"19":{"start":{"line":85,"column":24},"end":{"line":85,"column":49},"skip":true},"20":{"start":{"line":89,"column":12},"end":{"line":107,"column":13},"skip":true},"21":{"start":{"line":92,"column":16},"end":{"line":102,"column":17},"skip":true},"22":{"start":{"line":93,"column":20},"end":{"line":93,"column":86},"skip":true},"23":{"start":{"line":94,"column":20},"end":{"line":95,"column":45},"skip":true},"24":{"start":{"line":96,"column":20},"end":{"line":96,"column":42},"skip":true},"25":{"start":{"line":97,"column":20},"end":{"line":97,"column":48},"skip":true},"26":{"start":{"line":100,"column":20},"end":{"line":100,"column":85},"skip":true},"27":{"start":{"line":101,"column":20},"end":{"line":101,"column":96},"skip":true},"28":{"start":{"line":103,"column":16},"end":{"line":103,"column":22},"skip":true},"29":{"start":{"line":106,"column":16},"end":{"line":106,"column":22},"skip":true},"30":{"start":{"line":108,"column":12},"end":{"line":120,"column":13},"skip":true},"31":{"start":{"line":114,"column":16},"end":{"line":119,"column":17},"skip":true},"32":{"start":{"line":116,"column":20},"end":{"line":116,"column":78},"skip":true},"33":{"start":{"line":118,"column":20},"end":{"line":118,"column":47},"skip":true},"34":{"start":{"line":123,"column":8},"end":{"line":141,"column":11},"skip":true},"35":{"start":{"line":124,"column":12},"end":{"line":124,"column":54},"skip":true},"36":{"start":{"line":125,"column":12},"end":{"line":140,"column":14},"skip":true},"37":{"start":{"line":126,"column":16},"end":{"line":126,"column":28},"skip":true},"38":{"start":{"line":127,"column":16},"end":{"line":127,"column":69},"skip":true},"39":{"start":{"line":128,"column":16},"end":{"line":128,"column":75},"skip":true},"40":{"start":{"line":129,"column":16},"end":{"line":131,"column":17},"skip":true},"41":{"start":{"line":130,"column":20},"end":{"line":130,"column":27},"skip":true},"42":{"start":{"line":133,"column":16},"end":{"line":137,"column":36},"skip":true},"43":{"start":{"line":134,"column":20},"end":{"line":136,"column":55},"skip":true},"44":{"start":{"line":139,"column":16},"end":{"line":139,"column":57},"skip":true},"45":{"start":{"line":143,"column":8},"end":{"line":147,"column":11},"skip":true},"46":{"start":{"line":144,"column":12},"end":{"line":146,"column":15},"skip":true},"47":{"start":{"line":145,"column":16},"end":{"line":145,"column":70},"skip":true},"48":{"start":{"line":149,"column":8},"end":{"line":149,"column":31},"skip":true},"49":{"start":{"line":150,"column":8},"end":{"line":150,"column":14},"skip":true},"50":{"start":{"line":158,"column":8},"end":{"line":158,"column":31},"skip":true},"51":{"start":{"line":160,"column":8},"end":{"line":160,"column":33},"skip":true},"52":{"start":{"line":161,"column":8},"end":{"line":161,"column":37},"skip":true},"53":{"start":{"line":162,"column":8},"end":{"line":162,"column":35},"skip":true},"54":{"start":{"line":164,"column":8},"end":{"line":164,"column":50},"skip":true},"55":{"start":{"line":166,"column":8},"end":{"line":256,"column":2},"skip":true},"56":{"start":{"line":258,"column":8},"end":{"line":286,"column":9},"skip":true},"57":{"start":{"line":259,"column":12},"end":{"line":269,"column":14},"skip":true},"58":{"start":{"line":271,"column":12},"end":{"line":285,"column":19},"skip":true},"59":{"start":{"line":274,"column":20},"end":{"line":274,"column":35},"skip":true},"60":{"start":{"line":275,"column":20},"end":{"line":284,"column":21},"skip":true},"61":{"start":{"line":277,"column":24},"end":{"line":277,"column":64},"skip":true},"62":{"start":{"line":279,"column":24},"end":{"line":279,"column":40},"skip":true},"63":{"start":{"line":281,"column":24},"end":{"line":281,"column":40},"skip":true},"64":{"start":{"line":283,"column":24},"end":{"line":283,"column":39},"skip":true},"65":{"start":{"line":288,"column":8},"end":{"line":290,"column":9},"skip":true},"66":{"start":{"line":289,"column":12},"end":{"line":289,"column":18},"skip":true},"67":{"start":{"line":291,"column":8},"end":{"line":293,"column":54},"skip":true},"68":{"start":{"line":296,"column":8},"end":{"line":301,"column":37},"skip":true},"69":{"start":{"line":303,"column":8},"end":{"line":303,"column":82},"skip":true},"70":{"start":{"line":306,"column":8},"end":{"line":308,"column":9},"skip":true},"71":{"start":{"line":307,"column":12},"end":{"line":307,"column":82},"skip":true},"72":{"start":{"line":310,"column":8},"end":{"line":312,"column":9},"skip":true},"73":{"start":{"line":311,"column":12},"end":{"line":311,"column":18},"skip":true},"74":{"start":{"line":313,"column":8},"end":{"line":313,"column":54},"skip":true},"75":{"start":{"line":314,"column":8},"end":{"line":314,"column":69},"skip":true},"76":{"start":{"line":315,"column":8},"end":{"line":323,"column":36},"skip":true},"77":{"start":{"line":316,"column":12},"end":{"line":316,"column":61},"skip":true},"78":{"start":{"line":317,"column":12},"end":{"line":320,"column":13},"skip":true},"79":{"start":{"line":318,"column":16},"end":{"line":318,"column":75},"skip":true},"80":{"start":{"line":319,"column":16},"end":{"line":319,"column":23},"skip":true},"81":{"start":{"line":321,"column":12},"end":{"line":321,"column":38},"skip":true},"82":{"start":{"line":322,"column":12},"end":{"line":322,"column":27},"skip":true},"83":{"start":{"line":324,"column":8},"end":{"line":324,"column":14},"skip":true}},"branchMap":{"1":{"line":39,"type":"binary-expr","locations":[{"start":{"line":39,"column":23},"end":{"line":39,"column":62}},{"start":{"line":40,"column":20},"end":{"line":40,"column":70}},{"start":{"line":41,"column":20},"end":{"line":41,"column":71}},{"start":{"line":42,"column":20},"end":{"line":42,"column":29}}]},"2":{"line":44,"type":"binary-expr","locations":[{"start":{"line":44,"column":23},"end":{"line":44,"column":37}},{"start":{"line":45,"column":20},"end":{"line":45,"column":61}},{"start":{"line":46,"column":20},"end":{"line":46,"column":70}},{"start":{"line":47,"column":20},"end":{"line":47,"column":26}}]},"3":{"line":51,"type":"cond-expr","locations":[{"start":{"line":52,"column":14},"end":{"line":52,"column":20}},{"start":{"line":53,"column":14},"end":{"line":53,"column":20}}]},"4":{"line":55,"type":"binary-expr","locations":[{"start":{"line":55,"column":16},"end":{"line":55,"column":44}},{"start":{"line":55,"column":49},"end":{"line":57,"column":43}}]},"5":{"line":55,"type":"cond-expr","locations":[{"start":{"line":56,"column":14},"end":{"line":56,"column":54}},{"start":{"line":57,"column":14},"end":{"line":57,"column":43}}]},"6":{"line":61,"type":"switch","locations":[{"start":{"line":68,"column":4},"end":{"line":150,"column":14},"skip":true},{"start":{"line":156,"column":4},"end":{"line":324,"column":14},"skip":true}]},"7":{"line":70,"type":"if","locations":[{"start":{"line":70,"column":12},"end":{"line":70,"column":12},"skip":true},{"start":{"line":70,"column":12},"end":{"line":70,"column":12},"skip":true}]},"8":{"line":70,"type":"binary-expr","locations":[{"start":{"line":70,"column":16},"end":{"line":70,"column":22},"skip":true},{"start":{"line":70,"column":27},"end":{"line":70,"column":32},"skip":true},{"start":{"line":71,"column":20},"end":{"line":71,"column":39},"skip":true},{"start":{"line":72,"column":20},"end":{"line":72,"column":49},"skip":true},{"start":{"line":73,"column":20},"end":{"line":73,"column":58},"skip":true},{"start":{"line":74,"column":20},"end":{"line":74,"column":69},"skip":true}]},"9":{"line":79,"type":"switch","locations":[{"start":{"line":80,"column":20},"end":{"line":80,"column":33},"skip":true},{"start":{"line":81,"column":20},"end":{"line":83,"column":30},"skip":true},{"start":{"line":84,"column":20},"end":{"line":85,"column":49},"skip":true}]},"10":{"line":89,"type":"switch","locations":[{"start":{"line":90,"column":12},"end":{"line":103,"column":22},"skip":true},{"start":{"line":105,"column":12},"end":{"line":106,"column":22},"skip":true}]},"11":{"line":89,"type":"binary-expr","locations":[{"start":{"line":89,"column":20},"end":{"line":89,"column":25},"skip":true},{"start":{"line":89,"column":29},"end":{"line":89,"column":48},"skip":true},{"start":{"line":89,"column":52},"end":{"line":89,"column":74},"skip":true}]},"12":{"line":92,"type":"if","locations":[{"start":{"line":92,"column":16},"end":{"line":92,"column":16},"skip":true},{"start":{"line":92,"column":16},"end":{"line":92,"column":16},"skip":true}]},"13":{"line":108,"type":"if","locations":[{"start":{"line":108,"column":12},"end":{"line":108,"column":12},"skip":true},{"start":{"line":108,"column":12},"end":{"line":108,"column":12},"skip":true}]},"14":{"line":108,"type":"binary-expr","locations":[{"start":{"line":108,"column":16},"end":{"line":108,"column":61},"skip":true},{"start":{"line":108,"column":66},"end":{"line":108,"column":72},"skip":true},{"start":{"line":108,"column":77},"end":{"line":108,"column":82},"skip":true},{"start":{"line":109,"column":20},"end":{"line":109,"column":39},"skip":true},{"start":{"line":110,"column":20},"end":{"line":110,"column":49},"skip":true},{"start":{"line":111,"column":20},"end":{"line":111,"column":58},"skip":true},{"start":{"line":112,"column":20},"end":{"line":112,"column":68},"skip":true}]},"15":{"line":129,"type":"if","locations":[{"start":{"line":129,"column":16},"end":{"line":129,"column":16},"skip":true},{"start":{"line":129,"column":16},"end":{"line":129,"column":16},"skip":true}]},"16":{"line":134,"type":"cond-expr","locations":[{"start":{"line":135,"column":26},"end":{"line":135,"column":29},"skip":true},{"start":{"line":136,"column":26},"end":{"line":136,"column":54},"skip":true}]},"17":{"line":164,"type":"binary-expr","locations":[{"start":{"line":164,"column":27},"end":{"line":164,"column":43},"skip":true},{"start":{"line":164,"column":47},"end":{"line":164,"column":49},"skip":true}]},"18":{"line":258,"type":"if","locations":[{"start":{"line":258,"column":8},"end":{"line":258,"column":8},"skip":true},{"start":{"line":258,"column":8},"end":{"line":258,"column":8},"skip":true}]},"19":{"line":275,"type":"switch","locations":[{"start":{"line":276,"column":20},"end":{"line":277,"column":64},"skip":true},{"start":{"line":278,"column":20},"end":{"line":279,"column":40},"skip":true},{"start":{"line":280,"column":20},"end":{"line":281,"column":40},"skip":true},{"start":{"line":282,"column":20},"end":{"line":283,"column":39},"skip":true}]},"20":{"line":288,"type":"if","locations":[{"start":{"line":288,"column":8},"end":{"line":288,"column":8},"skip":true},{"start":{"line":288,"column":8},"end":{"line":288,"column":8},"skip":true}]},"21":{"line":288,"type":"binary-expr","locations":[{"start":{"line":288,"column":12},"end":{"line":288,"column":40},"skip":true},{"start":{"line":288,"column":44},"end":{"line":288,"column":67},"skip":true}]},"22":{"line":292,"type":"binary-expr","locations":[{"start":{"line":292,"column":12},"end":{"line":292,"column":50},"skip":true},{"start":{"line":293,"column":12},"end":{"line":293,"column":53},"skip":true}]},"23":{"line":297,"type":"binary-expr","locations":[{"start":{"line":297,"column":12},"end":{"line":297,"column":68},"skip":true},{"start":{"line":298,"column":12},"end":{"line":301,"column":36},"skip":true}]},"24":{"line":303,"type":"binary-expr","locations":[{"start":{"line":303,"column":43},"end":{"line":303,"column":75},"skip":true},{"start":{"line":303,"column":79},"end":{"line":303,"column":81},"skip":true}]},"25":{"line":306,"type":"if","locations":[{"start":{"line":306,"column":8},"end":{"line":306,"column":8},"skip":true},{"start":{"line":306,"column":8},"end":{"line":306,"column":8},"skip":true}]},"26":{"line":310,"type":"if","locations":[{"start":{"line":310,"column":8},"end":{"line":310,"column":8},"skip":true},{"start":{"line":310,"column":8},"end":{"line":310,"column":8},"skip":true}]},"27":{"line":313,"type":"binary-expr","locations":[{"start":{"line":313,"column":27},"end":{"line":313,"column":43},"skip":true},{"start":{"line":313,"column":47},"end":{"line":313,"column":53},"skip":true}]},"28":{"line":317,"type":"if","locations":[{"start":{"line":317,"column":12},"end":{"line":317,"column":12},"skip":true},{"start":{"line":317,"column":12},"end":{"line":317,"column":12},"skip":true}]}},"code":["/*","example.js","","quickstart example","","instruction","    1. save this script as example.js","    2. run the shell command:","        $ npm install npmtest-cloudinary && PORT=8081 node example.js","    3. play with the browser-demo on http://127.0.0.1:8081","*/","","","","/* istanbul instrument in package npmtest_cloudinary */","/*jslint","    bitwise: true,","    browser: true,","    maxerr: 8,","    maxlen: 96,","    node: true,","    nomen: true,","    regexp: true,","    stupid: true","*/","(function () {","    'use strict';","    var local;","","","","    // run shared js-env code - pre-init","    (function () {","        // init local","        local = {};","        // init modeJs","        local.modeJs = (function () {","            try {","                return typeof navigator.userAgent === 'string' &&","                    typeof document.querySelector('body') === 'object' &&","                    typeof XMLHttpRequest.prototype.open === 'function' &&","                    'browser';","            } catch (errorCaughtBrowser) {","                return module.exports &&","                    typeof process.versions.node === 'string' &&","                    typeof require('http').createServer === 'function' &&","                    'node';","            }","        }());","        // init global","        local.global = local.modeJs === 'browser'","            ? window","            : global;","        // init utility2_rollup","        local = local.global.utility2_rollup || (local.modeJs === 'browser'","            ? local.global.utility2_npmtest_cloudinary","            : global.utility2_moduleExports);","        // export local","        local.global.local = local;","    }());","    switch (local.modeJs) {","","","","    // post-init","    // run browser js-env code - post-init","    /* istanbul ignore next */","    case 'browser':","        local.testRunBrowser = function (event) {","            if (!event || (event &&","                    event.currentTarget &&","                    event.currentTarget.className &&","                    event.currentTarget.className.includes &&","                    event.currentTarget.className.includes('onreset'))) {","                // reset output","                Array.from(","                    document.querySelectorAll('body > .resettable')","                ).forEach(function (element) {","                    switch (element.tagName) {","                    case 'INPUT':","                    case 'TEXTAREA':","                        element.value = '';","                        break;","                    default:","                        element.textContent = '';","                    }","                });","            }","            switch (event && event.currentTarget && event.currentTarget.id) {","            case 'testRunButton1':","                // show tests","                if (document.querySelector('#testReportDiv1').style.display === 'none') {","                    document.querySelector('#testReportDiv1').style.display = 'block';","                    document.querySelector('#testRunButton1').textContent =","                        'hide internal test';","                    local.modeTest = true;","                    local.testRunDefault(local);","                // hide tests","                } else {","                    document.querySelector('#testReportDiv1').style.display = 'none';","                    document.querySelector('#testRunButton1').textContent = 'run internal test';","                }","                break;","            // custom-case","            default:","                break;","            }","            if (document.querySelector('#inputTextareaEval1') && (!event || (event &&","                    event.currentTarget &&","                    event.currentTarget.className &&","                    event.currentTarget.className.includes &&","                    event.currentTarget.className.includes('oneval')))) {","                // try to eval input-code","                try {","                    /*jslint evil: true*/","                    eval(document.querySelector('#inputTextareaEval1').value);","                } catch (errorCaught) {","                    console.error(errorCaught);","                }","            }","        };","        // log stderr and stdout to #outputTextareaStdout1","        ['error', 'log'].forEach(function (key) {","            console[key + '_original'] = console[key];","            console[key] = function () {","                var element;","                console[key + '_original'].apply(console, arguments);","                element = document.querySelector('#outputTextareaStdout1');","                if (!element) {","                    return;","                }","                // append text to #outputTextareaStdout1","                element.value += Array.from(arguments).map(function (arg) {","                    return typeof arg === 'string'","                        ? arg","                        : JSON.stringify(arg, null, 4);","                }).join(' ') + '\\n';","                // scroll textarea to bottom","                element.scrollTop = element.scrollHeight;","            };","        });","        // init event-handling","        ['change', 'click', 'keyup'].forEach(function (event) {","            Array.from(document.querySelectorAll('.on' + event)).forEach(function (element) {","                element.addEventListener(event, local.testRunBrowser);","            });","        });","        // run tests","        local.testRunBrowser();","        break;","","","","    // run node js-env code - post-init","    /* istanbul ignore next */","    case 'node':","        // export local","        module.exports = local;","        // require modules","        local.fs = require('fs');","        local.http = require('http');","        local.url = require('url');","        // init assets","        local.assetsDict = local.assetsDict || {};","        /* jslint-ignore-begin */","        local.assetsDict['/assets.index.template.html'] = '\\","<!doctype html>\\n\\","<html lang=\"en\">\\n\\","<head>\\n\\","<meta charset=\"UTF-8\">\\n\\","<meta name=\"viewport\" content=\"width=device-width, initial-scale=1\">\\n\\","<title>{{env.npm_package_name}} (v{{env.npm_package_version}})</title>\\n\\","<style>\\n\\","/*csslint\\n\\","    box-sizing: false,\\n\\","    universal-selector: false\\n\\","*/\\n\\","* {\\n\\","    box-sizing: border-box;\\n\\","}\\n\\","body {\\n\\","    background: #dde;\\n\\","    font-family: Arial, Helvetica, sans-serif;\\n\\","    margin: 2rem;\\n\\","}\\n\\","body > * {\\n\\","    margin-bottom: 1rem;\\n\\","}\\n\\",".utility2FooterDiv {\\n\\","    margin-top: 20px;\\n\\","    text-align: center;\\n\\","}\\n\\","</style>\\n\\","<style>\\n\\","/*csslint\\n\\","*/\\n\\","textarea {\\n\\","    font-family: monospace;\\n\\","    height: 10rem;\\n\\","    width: 100%;\\n\\","}\\n\\","textarea[readonly] {\\n\\","    background: #ddd;\\n\\","}\\n\\","</style>\\n\\","</head>\\n\\","<body>\\n\\","<!-- utility2-comment\\n\\","<div id=\"ajaxProgressDiv1\" style=\"background: #d00; height: 2px; left: 0; margin: 0; padding: 0; position: fixed; top: 0; transition: background 0.5s, width 1.5s; width: 25%;\"></div>\\n\\","utility2-comment -->\\n\\","<h1>\\n\\","<!-- utility2-comment\\n\\","    <a\\n\\","        {{#if env.npm_package_homepage}}\\n\\","        href=\"{{env.npm_package_homepage}}\"\\n\\","        {{/if env.npm_package_homepage}}\\n\\","        target=\"_blank\"\\n\\","    >\\n\\","utility2-comment -->\\n\\","        {{env.npm_package_name}} (v{{env.npm_package_version}})\\n\\","<!-- utility2-comment\\n\\","    </a>\\n\\","utility2-comment -->\\n\\","</h1>\\n\\","<h3>{{env.npm_package_description}}</h3>\\n\\","<!-- utility2-comment\\n\\","<h4><a download href=\"assets.app.js\">download standalone app</a></h4>\\n\\","<button class=\"onclick onreset\" id=\"testRunButton1\">run internal test</button><br>\\n\\","<div id=\"testReportDiv1\" style=\"display: none;\"></div>\\n\\","utility2-comment -->\\n\\","\\n\\","\\n\\","\\n\\","<label>stderr and stdout</label>\\n\\","<textarea class=\"resettable\" id=\"outputTextareaStdout1\" readonly></textarea>\\n\\","<!-- utility2-comment\\n\\","{{#if isRollup}}\\n\\","<script src=\"assets.app.js\"></script>\\n\\","{{#unless isRollup}}\\n\\","utility2-comment -->\\n\\","<script src=\"assets.utility2.rollup.js\"></script>\\n\\","<script src=\"jsonp.utility2._stateInit?callback=window.utility2._stateInit\"></script>\\n\\","<script src=\"assets.npmtest_cloudinary.rollup.js\"></script>\\n\\","<script src=\"assets.example.js\"></script>\\n\\","<script src=\"assets.test.js\"></script>\\n\\","<!-- utility2-comment\\n\\","{{/if isRollup}}\\n\\","utility2-comment -->\\n\\","<div class=\"utility2FooterDiv\">\\n\\","    [ this app was created with\\n\\","    <a href=\"https://github.com/kaizhu256/node-utility2\" target=\"_blank\">utility2</a>\\n\\","    ]\\n\\","</div>\\n\\","</body>\\n\\","</html>\\n\\","';","        /* jslint-ignore-end */","        if (local.templateRender) {","            local.assetsDict['/'] = local.templateRender(","                local.assetsDict['/assets.index.template.html'],","                {","                    env: local.objectSetDefault(local.env, {","                        npm_package_description: 'the greatest app in the world!',","                        npm_package_name: 'my-app',","                        npm_package_nameAlias: 'my_app',","                        npm_package_version: '0.0.1'","                    })","                }","            );","        } else {","            local.assetsDict['/'] = local.assetsDict['/assets.index.template.html']","                .replace((/\\{\\{env\\.(\\w+?)\\}\\}/g), function (match0, match1) {","                    // jslint-hack","                    String(match0);","                    switch (match1) {","                    case 'npm_package_description':","                        return 'the greatest app in the world!';","                    case 'npm_package_name':","                        return 'my-app';","                    case 'npm_package_nameAlias':","                        return 'my_app';","                    case 'npm_package_version':","                        return '0.0.1';","                    }","                });","        }","        // run the cli","        if (local.global.utility2_rollup || module !== require.main) {","            break;","        }","        local.assetsDict['/assets.example.js'] =","            local.assetsDict['/assets.example.js'] ||","            local.fs.readFileSync(__filename, 'utf8');","        // bug-workaround - long $npm_package_buildCustomOrg","        /* jslint-ignore-begin */","        local.assetsDict['/assets.npmtest_cloudinary.rollup.js'] =","            local.assetsDict['/assets.npmtest_cloudinary.rollup.js'] ||","            local.fs.readFileSync(","                local.npmtest_cloudinary.__dirname + '/lib.npmtest_cloudinary.js',","                'utf8'","            ).replace((/^#!/), '//');","        /* jslint-ignore-end */","        local.assetsDict['/favicon.ico'] = local.assetsDict['/favicon.ico'] || '';","        // if $npm_config_timeout_exit exists,","        // then exit this process after $npm_config_timeout_exit ms","        if (Number(process.env.npm_config_timeout_exit)) {","            setTimeout(process.exit, Number(process.env.npm_config_timeout_exit));","        }","        // start server","        if (local.global.utility2_serverHttp1) {","            break;","        }","        process.env.PORT = process.env.PORT || '8081';","        console.error('server starting on port ' + process.env.PORT);","        local.http.createServer(function (request, response) {","            request.urlParsed = local.url.parse(request.url);","            if (local.assetsDict[request.urlParsed.pathname] !== undefined) {","                response.end(local.assetsDict[request.urlParsed.pathname]);","                return;","            }","            response.statusCode = 404;","            response.end();","        }).listen(process.env.PORT);","        break;","    }","}());",""],"l":{"26":2,"28":2,"33":2,"35":2,"37":2,"38":2,"39":2,"44":1,"51":2,"55":2,"59":2,"61":2,"69":1,"70":2,"76":2,"79":2,"82":2,"83":2,"85":1,"89":2,"92":1,"93":1,"94":1,"96":1,"97":1,"100":1,"101":1,"103":1,"106":1,"108":2,"114":1,"116":1,"118":1,"123":1,"124":2,"125":2,"126":3,"127":3,"128":3,"129":3,"130":1,"133":3,"134":3,"139":3,"143":1,"144":3,"145":1,"149":1,"150":1,"158":1,"160":1,"161":1,"162":1,"164":1,"166":1,"258":1,"259":1,"271":1,"274":6,"275":6,"277":1,"279":2,"281":1,"283":2,"288":1,"289":1,"291":1,"296":1,"303":1,"306":1,"307":1,"310":1,"311":1,"313":1,"314":1,"315":1,"316":1,"317":1,"318":1,"319":1,"321":1,"322":1,"324":1}},"/home/travis/build/npmtest/node-npmtest-cloudinary/node_modules/cloudinary/cloudinary.js":{"path":"/home/travis/build/npmtest/node-npmtest-cloudinary/node_modules/cloudinary/cloudinary.js","s":{"1":1,"2":1,"3":1,"4":1,"5":1,"6":1,"7":1,"8":0,"9":0,"10":1,"11":0,"12":0,"13":0,"14":0,"15":0,"16":0,"17":0,"18":0,"19":0,"20":0,"21":0,"22":0,"23":0,"24":0,"25":0,"26":0,"27":0,"28":0,"29":0,"30":0,"31":0,"32":0,"33":0,"34":0,"35":0,"36":1,"37":0,"38":0,"39":0,"40":0,"41":0,"42":0,"43":0,"44":0,"45":0,"46":0,"47":0,"48":0,"49":0,"50":0,"51":0,"52":0,"53":0,"54":0,"55":0,"56":0,"57":0,"58":0,"59":0,"60":0,"61":0,"62":0,"63":0,"64":0,"65":0,"66":0,"67":0,"68":0,"69":0,"70":0,"71":0,"72":0,"73":0,"74":0,"75":0,"76":0,"77":0,"78":0,"79":0,"80":0,"81":1,"82":1,"83":1,"84":1,"85":1,"86":1},"b":{"1":[0,0],"2":[0,0],"3":[0,0],"4":[0,0,0],"5":[0,0],"6":[0,0],"7":[0,0],"8":[0,0],"9":[0,0],"10":[0,0],"11":[0,0],"12":[0,0],"13":[0,0],"14":[0,0],"15":[0,0],"16":[0,0],"17":[0,0],"18":[0,0],"19":[0,0],"20":[0,0],"21":[0,0],"22":[0,0]},"f":{"1":0,"2":0,"3":0},"fnMap":{"1":{"name":"(anonymous_1)","line":8,"loc":{"start":{"line":8,"column":14},"end":{"line":8,"column":43}}},"2":{"name":"(anonymous_2)","line":13,"loc":{"start":{"line":13,"column":16},"end":{"line":13,"column":43}}},"3":{"name":"(anonymous_3)","line":59,"loc":{"start":{"line":59,"column":16},"end":{"line":59,"column":46}}}},"statementMap":{"1":{"start":{"line":1,"column":0},"end":{"line":1,"column":56}},"2":{"start":{"line":2,"column":0},"end":{"line":2,"column":41}},"3":{"start":{"line":3,"column":0},"end":{"line":3,"column":39}},"4":{"start":{"line":4,"column":0},"end":{"line":4,"column":45}},"5":{"start":{"line":5,"column":0},"end":{"line":5,"column":35}},"6":{"start":{"line":6,"column":0},"end":{"line":6,"column":56}},"7":{"start":{"line":8,"column":0},"end":{"line":11,"column":2}},"8":{"start":{"line":9,"column":2},"end":{"line":9,"column":34}},"9":{"start":{"line":10,"column":2},"end":{"line":10,"column":50}},"10":{"start":{"line":13,"column":0},"end":{"line":39,"column":2}},"11":{"start":{"line":14,"column":2},"end":{"line":14,"column":47}},"12":{"start":{"line":15,"column":2},"end":{"line":15,"column":34}},"13":{"start":{"line":16,"column":2},"end":{"line":16,"column":49}},"14":{"start":{"line":17,"column":2},"end":{"line":17,"column":105}},"15":{"start":{"line":17,"column":31},"end":{"line":17,"column":105}},"16":{"start":{"line":18,"column":2},"end":{"line":18,"column":108}},"17":{"start":{"line":18,"column":32},"end":{"line":18,"column":108}},"18":{"start":{"line":20,"column":2},"end":{"line":20,"column":108}},"19":{"start":{"line":21,"column":2},"end":{"line":21,"column":70}},"20":{"start":{"line":22,"column":2},"end":{"line":22,"column":60}},"21":{"start":{"line":24,"column":2},"end":{"line":34,"column":3}},"22":{"start":{"line":25,"column":4},"end":{"line":25,"column":33}},"23":{"start":{"line":26,"column":4},"end":{"line":26,"column":60}},"24":{"start":{"line":27,"column":4},"end":{"line":27,"column":70}},"25":{"start":{"line":28,"column":4},"end":{"line":28,"column":51}},"26":{"start":{"line":28,"column":23},"end":{"line":28,"column":51}},"27":{"start":{"line":29,"column":4},"end":{"line":29,"column":41}},"28":{"start":{"line":30,"column":4},"end":{"line":30,"column":124}},"29":{"start":{"line":31,"column":4},"end":{"line":33,"column":5}},"30":{"start":{"line":32,"column":6},"end":{"line":32,"column":32}},"31":{"start":{"line":35,"column":2},"end":{"line":35,"column":17}},"32":{"start":{"line":36,"column":2},"end":{"line":36,"column":46}},"33":{"start":{"line":36,"column":14},"end":{"line":36,"column":46}},"34":{"start":{"line":37,"column":2},"end":{"line":37,"column":54}},"35":{"start":{"line":38,"column":2},"end":{"line":38,"column":14}},"36":{"start":{"line":59,"column":0},"end":{"line":115,"column":2}},"37":{"start":{"line":60,"column":2},"end":{"line":60,"column":100}},"38":{"start":{"line":61,"column":2},"end":{"line":61,"column":34}},"39":{"start":{"line":62,"column":2},"end":{"line":62,"column":57}},"40":{"start":{"line":63,"column":2},"end":{"line":63,"column":78}},"41":{"start":{"line":64,"column":2},"end":{"line":64,"column":96}},"42":{"start":{"line":65,"column":2},"end":{"line":65,"column":78}},"43":{"start":{"line":67,"column":2},"end":{"line":67,"column":92}},"44":{"start":{"line":67,"column":33},"end":{"line":67,"column":92}},"45":{"start":{"line":68,"column":2},"end":{"line":68,"column":39}},"46":{"start":{"line":70,"column":2},"end":{"line":80,"column":3}},"47":{"start":{"line":71,"column":4},"end":{"line":77,"column":5}},"48":{"start":{"line":72,"column":6},"end":{"line":76,"column":7}},"49":{"start":{"line":73,"column":8},"end":{"line":73,"column":106}},"50":{"start":{"line":75,"column":8},"end":{"line":75,"column":140}},"51":{"start":{"line":79,"column":4},"end":{"line":79,"column":123}},"52":{"start":{"line":82,"column":2},"end":{"line":82,"column":57}},"53":{"start":{"line":82,"column":29},"end":{"line":82,"column":57}},"54":{"start":{"line":84,"column":2},"end":{"line":84,"column":19}},"55":{"start":{"line":86,"column":2},"end":{"line":86,"column":92}},"56":{"start":{"line":86,"column":54},"end":{"line":86,"column":92}},"57":{"start":{"line":87,"column":2},"end":{"line":87,"column":68}},"58":{"start":{"line":88,"column":2},"end":{"line":88,"column":21}},"59":{"start":{"line":89,"column":2},"end":{"line":91,"column":3}},"60":{"start":{"line":90,"column":4},"end":{"line":90,"column":74}},"61":{"start":{"line":92,"column":2},"end":{"line":92,"column":52}},"62":{"start":{"line":93,"column":2},"end":{"line":93,"column":45}},"63":{"start":{"line":93,"column":21},"end":{"line":93,"column":45}},"64":{"start":{"line":94,"column":2},"end":{"line":94,"column":133}},"65":{"start":{"line":94,"column":50},"end":{"line":94,"column":133}},"66":{"start":{"line":95,"column":2},"end":{"line":95,"column":136}},"67":{"start":{"line":95,"column":51},"end":{"line":95,"column":136}},"68":{"start":{"line":96,"column":2},"end":{"line":96,"column":65}},"69":{"start":{"line":97,"column":2},"end":{"line":110,"column":3}},"70":{"start":{"line":98,"column":4},"end":{"line":98,"column":59}},"71":{"start":{"line":99,"column":4},"end":{"line":109,"column":5}},"72":{"start":{"line":100,"column":6},"end":{"line":100,"column":36}},"73":{"start":{"line":101,"column":6},"end":{"line":101,"column":64}},"74":{"start":{"line":102,"column":6},"end":{"line":102,"column":148}},"75":{"start":{"line":103,"column":6},"end":{"line":103,"column":63}},"76":{"start":{"line":104,"column":6},"end":{"line":104,"column":40}},"77":{"start":{"line":105,"column":6},"end":{"line":108,"column":15}},"78":{"start":{"line":112,"column":2},"end":{"line":112,"column":25}},"79":{"start":{"line":113,"column":2},"end":{"line":113,"column":27}},"80":{"start":{"line":114,"column":2},"end":{"line":114,"column":14}},"81":{"start":{"line":116,"column":0},"end":{"line":116,"column":69}},"82":{"start":{"line":118,"column":0},"end":{"line":118,"column":55}},"83":{"start":{"line":119,"column":0},"end":{"line":119,"column":63}},"84":{"start":{"line":120,"column":0},"end":{"line":120,"column":49}},"85":{"start":{"line":121,"column":0},"end":{"line":121,"column":97}},"86":{"start":{"line":122,"column":0},"end":{"line":122,"column":33}}},"branchMap":{"1":{"line":17,"type":"if","locations":[{"start":{"line":17,"column":2},"end":{"line":17,"column":2}},{"start":{"line":17,"column":2},"end":{"line":17,"column":2}}]},"2":{"line":18,"type":"if","locations":[{"start":{"line":18,"column":2},"end":{"line":18,"column":2}},{"start":{"line":18,"column":2},"end":{"line":18,"column":2}}]},"3":{"line":24,"type":"if","locations":[{"start":{"line":24,"column":2},"end":{"line":24,"column":2}},{"start":{"line":24,"column":2},"end":{"line":24,"column":2}}]},"4":{"line":24,"type":"binary-expr","locations":[{"start":{"line":24,"column":7},"end":{"line":24,"column":17}},{"start":{"line":24,"column":21},"end":{"line":24,"column":26}},{"start":{"line":24,"column":31},"end":{"line":24,"column":44}}]},"5":{"line":26,"type":"cond-expr","locations":[{"start":{"line":26,"column":28},"end":{"line":26,"column":44}},{"start":{"line":26,"column":47},"end":{"line":26,"column":58}}]},"6":{"line":28,"type":"if","locations":[{"start":{"line":28,"column":4},"end":{"line":28,"column":4}},{"start":{"line":28,"column":4},"end":{"line":28,"column":4}}]},"7":{"line":31,"type":"if","locations":[{"start":{"line":31,"column":4},"end":{"line":31,"column":4}},{"start":{"line":31,"column":4},"end":{"line":31,"column":4}}]},"8":{"line":36,"type":"if","locations":[{"start":{"line":36,"column":2},"end":{"line":36,"column":2}},{"start":{"line":36,"column":2},"end":{"line":36,"column":2}}]},"9":{"line":67,"type":"if","locations":[{"start":{"line":67,"column":2},"end":{"line":67,"column":2}},{"start":{"line":67,"column":2},"end":{"line":67,"column":2}}]},"10":{"line":70,"type":"if","locations":[{"start":{"line":70,"column":2},"end":{"line":70,"column":2}},{"start":{"line":70,"column":2},"end":{"line":70,"column":2}}]},"11":{"line":71,"type":"if","locations":[{"start":{"line":71,"column":4},"end":{"line":71,"column":4}},{"start":{"line":71,"column":4},"end":{"line":71,"column":4}}]},"12":{"line":72,"type":"if","locations":[{"start":{"line":72,"column":6},"end":{"line":72,"column":6}},{"start":{"line":72,"column":6},"end":{"line":72,"column":6}}]},"13":{"line":82,"type":"if","locations":[{"start":{"line":82,"column":2},"end":{"line":82,"column":2}},{"start":{"line":82,"column":2},"end":{"line":82,"column":2}}]},"14":{"line":86,"type":"if","locations":[{"start":{"line":86,"column":2},"end":{"line":86,"column":2}},{"start":{"line":86,"column":2},"end":{"line":86,"column":2}}]},"15":{"line":87,"type":"binary-expr","locations":[{"start":{"line":87,"column":17},"end":{"line":87,"column":40}},{"start":{"line":87,"column":44},"end":{"line":87,"column":67}}]},"16":{"line":89,"type":"if","locations":[{"start":{"line":89,"column":2},"end":{"line":89,"column":2}},{"start":{"line":89,"column":2},"end":{"line":89,"column":2}}]},"17":{"line":93,"type":"if","locations":[{"start":{"line":93,"column":2},"end":{"line":93,"column":2}},{"start":{"line":93,"column":2},"end":{"line":93,"column":2}}]},"18":{"line":94,"type":"if","locations":[{"start":{"line":94,"column":2},"end":{"line":94,"column":2}},{"start":{"line":94,"column":2},"end":{"line":94,"column":2}}]},"19":{"line":95,"type":"if","locations":[{"start":{"line":95,"column":2},"end":{"line":95,"column":2}},{"start":{"line":95,"column":2},"end":{"line":95,"column":2}}]},"20":{"line":97,"type":"if","locations":[{"start":{"line":97,"column":2},"end":{"line":97,"column":2}},{"start":{"line":97,"column":2},"end":{"line":97,"column":2}}]},"21":{"line":101,"type":"binary-expr","locations":[{"start":{"line":101,"column":23},"end":{"line":101,"column":57}},{"start":{"line":101,"column":61},"end":{"line":101,"column":63}}]},"22":{"line":103,"type":"cond-expr","locations":[{"start":{"line":103,"column":43},"end":{"line":103,"column":48}},{"start":{"line":103,"column":51},"end":{"line":103,"column":62}}]}},"code":["var _ = require('lodash'),  cloudinary = module.exports;","exports.config = require(\"./lib/config\");","exports.utils = require(\"./lib/utils\");","exports.uploader = require(\"./lib/uploader\");","exports.api = require(\"./lib/api\");","exports.PreloadedFile = require(\"./lib/preloaded_file\");","","exports.url = function(public_id, options) {","  options = _.extend({}, options);","  return cloudinary.utils.url(public_id, options);","};","","exports.image = function (source, options) {","  var responsive, html, current_class, classes;","  options = _.extend({}, options);","  source = cloudinary.utils.url(source, options);","  if (\"html_width\" in options) options[\"width\"] = cloudinary.utils.option_consume(options, \"html_width\");","  if (\"html_height\" in options) options[\"height\"] = cloudinary.utils.option_consume(options, \"html_height\");","","  client_hints = cloudinary.utils.option_consume(options, \"client_hints\", cloudinary.config().client_hints);","  responsive = cloudinary.utils.option_consume(options, \"responsive\");","  hidpi = cloudinary.utils.option_consume(options, \"hidpi\");","","  if ((responsive || hidpi) && !client_hints) {","    options[\"data-src\"] = source;","    classes = [responsive ? \"cld-responsive\" : \"cld-hidpi\"];","    current_class = cloudinary.utils.option_consume(options, \"class\");","    if (current_class) classes.push(current_class);","    options[\"class\"] = classes.join(\" \");","    source = cloudinary.utils.option_consume(options, \"responsive_placeholder\", cloudinary.config().responsive_placeholder);","    if (source == \"blank\") {","      source = cloudinary.BLANK;","    }","  }","  html = \"<img \";","  if (source) html += \"src='\" + source + \"' \";","  html += cloudinary.utils.html_attrs(options) + \"/>\";","  return html;","};","","/**"," * Creates an HTML video tag for the provided public_id"," * @param {String} public_id the resource public ID"," * @param {Object} [options] options for the resource and HTML tag"," * @param {(String|Array<String>)} [options.source_types] Specify which"," *        source type the tag should include. defaults to webm, mp4 and ogv."," * @param {String} [options.source_transformation] specific transformations"," *        to use for a specific source type."," * @param {(String|Object)} [options.poster] image URL or"," *        poster options that may include a <tt>public_id</tt> key and"," *        poster-specific transformations"," * @example <caption>Example of generating a video tag:</caption>"," * $.cloudinary.video(\"mymovie.mp4\");"," * $.cloudinary.video(\"mymovie.mp4\", {source_types: 'webm'});"," * $.cloudinary.video(\"mymovie.ogv\", {poster: \"myspecialplaceholder.jpg\"});"," * $.cloudinary.video(\"mymovie.webm\", {source_types: ['webm', 'mp4'], poster: {effect: 'sepia'}});"," * @return {string} HTML video tag"," */","exports.video = function (public_id, options) {","  var src, video_options, fallback, source_transformation, source_types, source, multi_source, html;","  options = _.extend({}, options);","  public_id = public_id.replace(/\\.(mp4|ogv|webm)$/, '');","  source_types = cloudinary.utils.option_consume(options, 'source_types', []);","  source_transformation = cloudinary.utils.option_consume(options, 'source_transformation', {});","  fallback = cloudinary.utils.option_consume(options, 'fallback_content', '');","","  if (source_types.length === 0) source_types = cloudinary.utils.DEFAULT_VIDEO_SOURCE_TYPES;","  video_options = _.cloneDeep(options);","","  if (video_options.hasOwnProperty('poster')) {","    if (_.isPlainObject(video_options.poster)) {","      if (video_options.poster.hasOwnProperty('public_id')) {","        video_options.poster = cloudinary.utils.url(video_options.poster.public_id, video_options.poster);","      } else {","        video_options.poster = cloudinary.utils.url(public_id, _.extend({}, cloudinary.utils.DEFAULT_POSTER_OPTIONS, video_options.poster));","      }","    }","  } else {","    video_options.poster = cloudinary.utils.url(public_id, _.extend({}, cloudinary.utils.DEFAULT_POSTER_OPTIONS, options));","  }","","  if (!video_options.poster) delete video_options.poster;","","  html = '<video ';","","  if (!video_options.hasOwnProperty('resource_type')) video_options.resource_type = 'video';","  multi_source = _.isArray(source_types) && source_types.length > 1;","  source = public_id;","  if (!multi_source) {","    source = source + '.' + cloudinary.utils.build_array(source_types)[0];","  }","  src = cloudinary.utils.url(source, video_options);","  if (!multi_source) video_options.src = src;","  if (video_options.hasOwnProperty(\"html_width\")) video_options.width = cloudinary.utils.option_consume(video_options, 'html_width');","  if (video_options.hasOwnProperty(\"html_height\")) video_options.height = cloudinary.utils.option_consume(video_options, 'html_height');","  html = html + cloudinary.utils.html_attrs(video_options) + '>';","  if (multi_source) {","    var source_type, transformation, video_type, mime_type;","    for (var i = 0; i < source_types.length; i++) {","      source_type = source_types[i];","      transformation = source_transformation[source_type] || {};","      src = cloudinary.utils.url(source + \".\" + source_type, _.extend({resource_type: 'video'}, _.cloneDeep(options), _.cloneDeep(transformation)));","      video_type = source_type === 'ogv' ? 'ogg' : source_type;","      mime_type = \"video/\" + video_type;","      html = html + '<source ' + cloudinary.utils.html_attrs({","        src: src,","        type: mime_type","      }) + '>';","    }","  }","","  html = html + fallback;","  html = html + '</video>';","  return html;","};","exports.cloudinary_js_config = cloudinary.utils.cloudinary_js_config;","","exports.CF_SHARED_CDN = cloudinary.utils.CF_SHARED_CDN;","exports.AKAMAI_SHARED_CDN = cloudinary.utils.AKAMAI_SHARED_CDN;","exports.SHARED_CDN = cloudinary.utils.SHARED_CDN;","exports.BLANK = \"data:image/gif;base64,R0lGODlhAQABAIAAAAAAAP///yH5BAEAAAAALAAAAAABAAEAAAIBRAA7\";","exports.v2 = require('./lib/v2');",""],"l":{"1":1,"2":1,"3":1,"4":1,"5":1,"6":1,"8":1,"9":0,"10":0,"13":1,"14":0,"15":0,"16":0,"17":0,"18":0,"20":0,"21":0,"22":0,"24":0,"25":0,"26":0,"27":0,"28":0,"29":0,"30":0,"31":0,"32":0,"35":0,"36":0,"37":0,"38":0,"59":1,"60":0,"61":0,"62":0,"63":0,"64":0,"65":0,"67":0,"68":0,"70":0,"71":0,"72":0,"73":0,"75":0,"79":0,"82":0,"84":0,"86":0,"87":0,"88":0,"89":0,"90":0,"92":0,"93":0,"94":0,"95":0,"96":0,"97":0,"98":0,"99":0,"100":0,"101":0,"102":0,"103":0,"104":0,"105":0,"112":0,"113":0,"114":0,"116":1,"118":1,"119":1,"120":1,"121":1,"122":1}},"/home/travis/build/npmtest/node-npmtest-cloudinary/node_modules/cloudinary/lib/config.js":{"path":"/home/travis/build/npmtest/node-npmtest-cloudinary/node_modules/cloudinary/lib/config.js","s":{"1":1,"2":1,"3":1,"4":1,"5":1,"6":0,"7":1,"8":0,"9":0,"10":0,"11":0,"12":0,"13":0,"14":0,"15":0,"16":0,"17":0,"18":0,"19":0,"20":0,"21":0,"22":1,"23":2,"24":2,"25":1,"26":1,"27":0,"28":0,"29":0,"30":0,"31":0,"32":0,"33":0,"34":0,"35":0,"36":1,"37":2,"38":0,"39":2,"40":0,"41":2,"42":0,"43":2},"b":{"1":[0,0],"2":[1,1],"3":[2,1],"4":[0,1],"5":[0,0],"6":[0,0],"7":[0,0],"8":[0,0],"9":[0,0],"10":[0,2],"11":[0,2],"12":[0,2]},"f":{"1":1,"2":0,"3":0,"4":0,"5":0,"6":2},"fnMap":{"1":{"name":"(anonymous_1)","line":2,"loc":{"start":{"line":2,"column":1},"end":{"line":2,"column":12}}},"2":{"name":"(anonymous_2)","line":9,"loc":{"start":{"line":9,"column":16},"end":{"line":9,"column":30}}},"3":{"name":"(anonymous_3)","line":23,"loc":{"start":{"line":23,"column":19},"end":{"line":23,"column":48}}},"4":{"name":"(anonymous_4)","line":25,"loc":{"start":{"line":25,"column":41},"end":{"line":25,"column":57}}},"5":{"name":"(anonymous_5)","line":26,"loc":{"start":{"line":26,"column":13},"end":{"line":26,"column":25}}},"6":{"name":"(anonymous_6)","line":44,"loc":{"start":{"line":44,"column":19},"end":{"line":44,"column":51}}}},"statementMap":{"1":{"start":{"line":2,"column":0},"end":{"line":82,"column":14}},"2":{"start":{"line":3,"column":2},"end":{"line":3,"column":56}},"3":{"start":{"line":5,"column":2},"end":{"line":5,"column":24}},"4":{"start":{"line":7,"column":2},"end":{"line":7,"column":29}},"5":{"start":{"line":9,"column":2},"end":{"line":11,"column":4}},"6":{"start":{"line":10,"column":4},"end":{"line":10,"column":35}},"7":{"start":{"line":23,"column":2},"end":{"line":42,"column":4}},"8":{"start":{"line":24,"column":4},"end":{"line":24,"column":55}},"9":{"start":{"line":25,"column":4},"end":{"line":29,"column":14}},"10":{"start":{"line":26,"column":6},"end":{"line":28,"column":8}},"11":{"start":{"line":27,"column":8},"end":{"line":27,"column":24}},"12":{"start":{"line":30,"column":4},"end":{"line":30,"column":19}},"13":{"start":{"line":31,"column":4},"end":{"line":31,"column":26}},"14":{"start":{"line":32,"column":4},"end":{"line":40,"column":5}},"15":{"start":{"line":33,"column":6},"end":{"line":33,"column":26}},"16":{"start":{"line":34,"column":6},"end":{"line":34,"column":30}},"17":{"start":{"line":35,"column":6},"end":{"line":38,"column":7}},"18":{"start":{"line":36,"column":8},"end":{"line":36,"column":19}},"19":{"start":{"line":37,"column":8},"end":{"line":37,"column":32}},"20":{"start":{"line":39,"column":6},"end":{"line":39,"column":20}},"21":{"start":{"line":41,"column":4},"end":{"line":41,"column":34}},"22":{"start":{"line":44,"column":2},"end":{"line":80,"column":4}},"23":{"start":{"line":45,"column":4},"end":{"line":45,"column":39}},"24":{"start":{"line":46,"column":4},"end":{"line":71,"column":5}},"25":{"start":{"line":47,"column":6},"end":{"line":47,"column":50}},"26":{"start":{"line":48,"column":6},"end":{"line":70,"column":7}},"27":{"start":{"line":49,"column":8},"end":{"line":49,"column":57}},"28":{"start":{"line":50,"column":8},"end":{"line":56,"column":10}},"29":{"start":{"line":57,"column":8},"end":{"line":67,"column":9}},"30":{"start":{"line":58,"column":10},"end":{"line":58,"column":26}},"31":{"start":{"line":59,"column":10},"end":{"line":66,"column":11}},"32":{"start":{"line":60,"column":12},"end":{"line":60,"column":23}},"33":{"start":{"line":61,"column":12},"end":{"line":65,"column":13}},"34":{"start":{"line":62,"column":14},"end":{"line":62,"column":54}},"35":{"start":{"line":64,"column":14},"end":{"line":64,"column":39}},"36":{"start":{"line":69,"column":8},"end":{"line":69,"column":31}},"37":{"start":{"line":72,"column":4},"end":{"line":78,"column":5}},"38":{"start":{"line":73,"column":6},"end":{"line":73,"column":48}},"39":{"start":{"line":74,"column":11},"end":{"line":78,"column":5}},"40":{"start":{"line":75,"column":6},"end":{"line":75,"column":43}},"41":{"start":{"line":76,"column":11},"end":{"line":78,"column":5}},"42":{"start":{"line":77,"column":6},"end":{"line":77,"column":46}},"43":{"start":{"line":79,"column":4},"end":{"line":79,"column":29}}},"branchMap":{"1":{"line":35,"type":"if","locations":[{"start":{"line":35,"column":6},"end":{"line":35,"column":6}},{"start":{"line":35,"column":6},"end":{"line":35,"column":6}}]},"2":{"line":46,"type":"if","locations":[{"start":{"line":46,"column":4},"end":{"line":46,"column":4}},{"start":{"line":46,"column":4},"end":{"line":46,"column":4}}]},"3":{"line":46,"type":"binary-expr","locations":[{"start":{"line":46,"column":9},"end":{"line":46,"column":34}},{"start":{"line":46,"column":39},"end":{"line":46,"column":58}}]},"4":{"line":48,"type":"if","locations":[{"start":{"line":48,"column":6},"end":{"line":48,"column":6}},{"start":{"line":48,"column":6},"end":{"line":48,"column":6}}]},"5":{"line":52,"type":"binary-expr","locations":[{"start":{"line":52,"column":19},"end":{"line":52,"column":27}},{"start":{"line":52,"column":31},"end":{"line":52,"column":53}}]},"6":{"line":53,"type":"binary-expr","locations":[{"start":{"line":53,"column":22},"end":{"line":53,"column":30}},{"start":{"line":53,"column":34},"end":{"line":53,"column":56}}]},"7":{"line":55,"type":"binary-expr","locations":[{"start":{"line":55,"column":31},"end":{"line":55,"column":43}},{"start":{"line":55,"column":47},"end":{"line":55,"column":72}}]},"8":{"line":57,"type":"if","locations":[{"start":{"line":57,"column":8},"end":{"line":57,"column":8}},{"start":{"line":57,"column":8},"end":{"line":57,"column":8}}]},"9":{"line":61,"type":"if","locations":[{"start":{"line":61,"column":12},"end":{"line":61,"column":12}},{"start":{"line":61,"column":12},"end":{"line":61,"column":12}}]},"10":{"line":72,"type":"if","locations":[{"start":{"line":72,"column":4},"end":{"line":72,"column":4}},{"start":{"line":72,"column":4},"end":{"line":72,"column":4}}]},"11":{"line":74,"type":"if","locations":[{"start":{"line":74,"column":11},"end":{"line":74,"column":11}},{"start":{"line":74,"column":11},"end":{"line":74,"column":11}}]},"12":{"line":76,"type":"if","locations":[{"start":{"line":76,"column":11},"end":{"line":76,"column":11}},{"start":{"line":76,"column":11},"end":{"line":76,"column":11}}]}},"code":["// Generated by CoffeeScript 1.12.2","(function() {","  var _, cloudinary_config, isNestedKey, putNestedValue;","","  _ = require(\"lodash\");","","  cloudinary_config = void 0;","","  isNestedKey = function(key) {","    return key.match(/\\w+\\[\\w+\\]/);","  };","","","  /***","    * Assign a value to a nested object","    * @function putNestedValue","    * @param params the parent object - this argument will be modified!","    * @param key key in the form nested[innerkey]","    * @param value the value to assign","    * @return the modified params object","   */","","  putNestedValue = function(params, key, value) {","    var chain, inner, innerKey, j, lastKey, len, outer;","    chain = key.split(/[\\[\\]]+/).filter((function(_this) {","      return function(i) {","        return i.length;","      };","    })(this));","    outer = params;","    lastKey = chain.pop();","    for (j = 0, len = chain.length; j < len; j++) {","      innerKey = chain[j];","      inner = outer[innerKey];","      if (inner == null) {","        inner = {};","        outer[innerKey] = inner;","      }","      outer = inner;","    }","    return outer[lastKey] = value;","  };","","  module.exports = function(new_config, new_value) {","    var cloudinary_url, k, ref, uri, v;","    if ((cloudinary_config == null) || new_config === true) {","      cloudinary_url = process.env.CLOUDINARY_URL;","      if (cloudinary_url != null) {","        uri = require('url').parse(cloudinary_url, true);","        cloudinary_config = {","          cloud_name: uri.host,","          api_key: uri.auth && uri.auth.split(\":\")[0],","          api_secret: uri.auth && uri.auth.split(\":\")[1],","          private_cdn: uri.pathname != null,","          secure_distribution: uri.pathname && uri.pathname.substring(1)","        };","        if (uri.query != null) {","          ref = uri.query;","          for (k in ref) {","            v = ref[k];","            if (isNestedKey(k)) {","              putNestedValue(cloudinary_config, k, v);","            } else {","              cloudinary_config[k] = v;","            }","          }","        }","      } else {","        cloudinary_config = {};","      }","    }","    if (!_.isUndefined(new_value)) {","      cloudinary_config[new_config] = new_value;","    } else if (_.isString(new_config)) {","      return cloudinary_config[new_config];","    } else if (_.isObject(new_config)) {","      _.extend(cloudinary_config, new_config);","    }","    return cloudinary_config;","  };","","}).call(this);","","//# sourceMappingURL=config.js.map",""],"l":{"2":1,"3":1,"5":1,"7":1,"9":1,"10":0,"23":1,"24":0,"25":0,"26":0,"27":0,"30":0,"31":0,"32":0,"33":0,"34":0,"35":0,"36":0,"37":0,"39":0,"41":0,"44":1,"45":2,"46":2,"47":1,"48":1,"49":0,"50":0,"57":0,"58":0,"59":0,"60":0,"61":0,"62":0,"64":0,"69":1,"72":2,"73":0,"74":2,"75":0,"76":2,"77":0,"79":2}},"/home/travis/build/npmtest/node-npmtest-cloudinary/node_modules/cloudinary/lib/utils.js":{"path":"/home/travis/build/npmtest/node-npmtest-cloudinary/node_modules/cloudinary/lib/utils.js","s":{"1":1,"2":1,"3":1,"4":1,"5":1,"6":1,"7":1,"8":1,"9":1,"10":1,"11":0,"12":0,"13":0,"14":1,"15":1,"16":1,"17":1,"18":1,"19":1,"20":1,"21":1,"22":1,"23":0,"24":0,"25":0,"26":1,"27":1,"28":1,"29":1,"30":1,"31":1,"32":1,"33":0,"34":0,"35":0,"36":0,"37":0,"38":0,"39":0,"40":0,"41":0,"42":0,"43":0,"44":0,"45":0,"46":0,"47":0,"48":0,"49":0,"50":0,"51":0,"52":0,"53":0,"54":0,"55":0,"56":1,"57":0,"58":0,"59":0,"60":0,"61":0,"62":0,"63":0,"64":0,"65":0,"66":1,"67":0,"68":0,"69":0,"70":1,"71":0,"72":0,"73":0,"74":0,"75":0,"76":0,"77":0,"78":0,"79":0,"80":0,"81":0,"82":0,"83":0,"84":0,"85":0,"86":0,"87":0,"88":0,"89":0,"90":0,"91":0,"92":0,"93":0,"94":0,"95":0,"96":0,"97":0,"98":0,"99":0,"100":0,"101":0,"102":0,"103":0,"104":0,"105":0,"106":0,"107":0,"108":0,"109":0,"110":0,"111":0,"112":0,"113":1,"114":0,"115":0,"116":0,"117":1,"118":0,"119":1,"120":0,"121":0,"122":0,"123":0,"124":0,"125":0,"126":1,"127":0,"128":0,"129":0,"130":0,"131":0,"132":1,"133":0,"134":0,"135":0,"136":0,"137":0,"138":1,"139":0,"140":0,"141":0,"142":0,"143":0,"144":0,"145":0,"146":0,"147":0,"148":0,"149":0,"150":1,"151":0,"152":0,"153":0,"154":0,"155":0,"156":0,"157":0,"158":0,"159":0,"160":0,"161":1,"162":0,"163":0,"164":0,"165":0,"166":0,"167":0,"168":0,"169":0,"170":0,"171":0,"172":0,"173":0,"174":1,"175":0,"176":1,"177":0,"178":0,"179":0,"180":0,"181":0,"182":0,"183":0,"184":0,"185":0,"186":0,"187":0,"188":0,"189":0,"190":0,"191":0,"192":0,"193":0,"194":0,"195":0,"196":0,"197":0,"198":0,"199":0,"200":0,"201":0,"202":0,"203":0,"204":0,"205":0,"206":0,"207":0,"208":0,"209":0,"210":0,"211":0,"212":0,"213":0,"214":0,"215":0,"216":0,"217":0,"218":0,"219":0,"220":0,"221":0,"222":0,"223":0,"224":0,"225":0,"226":0,"227":0,"228":0,"229":0,"230":0,"231":0,"232":0,"233":0,"234":0,"235":0,"236":0,"237":0,"238":0,"239":0,"240":0,"241":0,"242":0,"243":0,"244":0,"245":0,"246":0,"247":0,"248":0,"249":0,"250":0,"251":0,"252":0,"253":0,"254":0,"255":0,"256":0,"257":0,"258":0,"259":0,"260":0,"261":0,"262":0,"263":0,"264":0,"265":0,"266":0,"267":0,"268":0,"269":0,"270":0,"271":0,"272":0,"273":0,"274":0,"275":0,"276":0,"277":0,"278":0,"279":0,"280":1,"281":0,"282":0,"283":0,"284":0,"285":0,"286":0,"287":0,"288":0,"289":0,"290":0,"291":0,"292":0,"293":0,"294":0,"295":0,"296":0,"297":0,"298":0,"299":0,"300":0,"301":0,"302":0,"303":0,"304":0,"305":0,"306":0,"307":0,"308":1,"309":0,"310":0,"311":0,"312":0,"313":0,"314":0,"315":0,"316":0,"317":0,"318":0,"319":0,"320":0,"321":0,"322":0,"323":0,"324":0,"325":0,"326":0,"327":0,"328":0,"329":0,"330":0,"331":0,"332":0,"333":0,"334":0,"335":0,"336":0,"337":0,"338":0,"339":0,"340":0,"341":0,"342":0,"343":0,"344":0,"345":0,"346":0,"347":0,"348":0,"349":0,"350":0,"351":0,"352":0,"353":0,"354":0,"355":0,"356":0,"357":0,"358":0,"359":0,"360":0,"361":0,"362":0,"363":0,"364":0,"36
[...]
// Generated by CoffeeScript 1.12.2","(function() {","  var api, utils;","","  api = require('../api');","","  utils = require('../utils');","","  utils.v1_adapters(exports, api, {","    ping: 0,","    usage: 0,","    resource_types: 0,","    resources: 0,","    resources_by_tag: 1,","    resources_by_context: 2,","    resources_by_moderation: 2,","    resources_by_ids: 1,","    resource: 1,","    restore: 1,","    update: 1,","    delete_resources: 1,","    delete_resources_by_prefix: 1,","    delete_resources_by_tag: 1,","    delete_all_resources: 0,","    delete_derived_resources: 1,","    tags: 0,","    transformations: 0,","    transformation: 1,","    delete_transformation: 1,","    update_transformation: 2,","    create_transformation: 2,","    upload_presets: 0,","    upload_preset: 1,","    delete_upload_preset: 1,","    update_upload_preset: 1,","    create_upload_preset: 0,","    root_folders: 0,","    sub_folders: 1,","    upload_mappings: 0,","    upload_mapping: 1,","    delete_upload_mapping: 1,","    update_upload_mapping: 1,","    create_upload_mapping: 1,","    list_streaming_profiles: 0,","    get_streaming_profile: 1,","    delete_streaming_profile: 1,","    update_streaming_profile: 1,","    create_streaming_profile: 1,","    publish_by_ids: 1,","    publish_by_tag: 1,","    publish_by_prefix: 1,","    update_resources_access_mode_by_prefix: 2,","    update_resources_access_mode_by_tag: 2,","    update_resources_access_mode_by_ids: 2","  });","","}).call(this);","","//# sourceMappingURL=api.js.map",""],"l":{"2":1,"3":1,"5":1,"7":1,"9":1}},"/home/travis/build/npmtest/node-npmtest-cloudinary/node_modules/cloudinary/lib/v2/uploader.js":{"path":"/home/travis/build/npmtest/node-npmtest-cloudinary/node_modules/cloudinary/lib/v2/uploader.js","s":{"1":1,"2":1,"3":1,"4":1,"5":1,"6":1,"7":1,"8":1,"9":1,"10":1},"b":{},"f":{"1":1},"fnMap":{"1":{"name":"(anonymous_1)","line":2,"loc":{"start":{"line":2,"column":1},"end":{"line":2,"column":12}}}},"statementMap":{"1":{"start":{"line":2,"column":0},"end":{"line":45,"column":14}},"2":{"start":{"line":3,"column":2},"end":{"line":3,"column":22}},"3":{"start":{"line":5,"column":2},"end":{"line":5,"column":36}},"4":{"start":{"line":7,"column":2},"end":{"line":7,"column":30}},"5":{"start":{"line":9,"column":2},"end":{"line":33,"column":5}},"6":{"start":{"line":35,"column":2},"end":{"line":35,"column":49}},"7":{"start":{"line":37,"column":2},"end":{"line":37,"column":57}},"8":{"start":{"line":39,"column":2},"end":{"line":39,"column":43}},"9":{"start":{"line":41,"column":2},"end":{"line":41,"column":55}},"10":{"start":{"line":43,"column":2},"end":{"line":43,"column":73}}},"branchMap":{},"code":["// Generated by CoffeeScript 1.12.2","(function() {","  var uploader, utils;","","  uploader = require('../uploader');","","  utils = require('../utils');","","  utils.v1_adapters(exports, uploader, {","    unsigned_upload_stream: 1,","    upload_stream: 0,","    unsigned_upload: 2,","    upload: 1,","    upload_large_part: 0,","    upload_large: 1,","    upload_chunked: 1,","    upload_chunked_stream: 0,","    explicit: 1,","    destroy: 1,","    rename: 2,","    text: 1,","    generate_sprite: 1,","    multi: 1,","    explode: 1,","    add_tag: 2,","    remove_tag: 2,","    remove_all_tags: 1,","    add_context: 2,","    remove_all_context: 1,","    replace_tag: 2,","    create_archive: 0,","    create_zip: 0","  });","","  exports.direct_upload = uploader.direct_upload;","","  exports.upload_tag_params = uploader.upload_tag_params;","","  exports.upload_url = uploader.upload_url;","","  exports.image_upload_tag = uploader.image_upload_tag;","","  exports.unsigned_image_upload_tag = uploader.unsigned_image_upload_tag;","","}).call(this);","","//# sourceMappingURL=uploader.js.map",""],"l":{"2":1,"3":1,"5":1,"7":1,"9":1,"35":1,"37":1,"39":1,"41":1,"43":1}},"/home/travis/build/npmtest/node-npmtest-cloudinary/node_modules/cloudinary/bin/all_cursors.js":{"path":"/home/travis/build/npmtest/node-npmtest-cloudinary/node_modules/cloudinary/bin/all_cursors.js","s":{"1":1,"2":1,"3":0,"4":0,"5":0,"6":0,"7":0,"8":0,"9":0,"10":0,"11":0,"12":0,"13":0,"14":1,"15":1},"b":{"1":[0,0],"2":[0,0],"3":[0,0],"4":[0,0,0],"5":[0,0]},"f":{"1":1,"2":0,"3":0,"4":0},"fnMap":{"1":{"name":"allCursors","line":8,"loc":{"start":{"line":8,"column":0},"end":{"line":8,"column":39}}},"2":{"name":"(anonymous_2)","line":9,"loc":{"start":{"line":9,"column":12},"end":{"line":9,"column":41}}},"3":{"name":"(anonymous_3)","line":17,"loc":{"start":{"line":17,"column":22},"end":{"line":17,"column":47}}},"4":{"name":"(anonymous_4)","line":22,"loc":{"start":{"line":22,"column":91},"end":{"line":22,"column":110}}}},"statementMap":{"1":{"start":{"line":8,"column":0},"end":{"line":29,"column":1}},"2":{"start":{"line":9,"column":2},"end":{"line":27,"column":4}},"3":{"start":{"line":10,"column":4},"end":{"line":13,"column":5}},"4":{"start":{"line":11,"column":6},"end":{"line":11,"column":25}},"5":{"start":{"line":12,"column":6},"end":{"line":12,"column":26}},"6":{"start":{"line":14,"column":4},"end":{"line":16,"column":5}},"7":{"start":{"line":15,"column":6},"end":{"line":15,"column":26}},"8":{"start":{"line":17,"column":4},"end":{"line":26,"column":6}},"9":{"start":{"line":18,"column":6},"end":{"line":25,"column":7}},"10":{"start":{"line":19,"column":8},"end":{"line":19,"column":29}},"11":{"start":{"line":20,"column":8},"end":{"line":20,"column":21}},"12":{"start":{"line":22,"column":8},"end":{"line":24,"column":11}},"13":{"start":{"line":23,"column":10},"end":{"line":23,"column":54}},"14":{"start":{"line":28,"column":2},"end":{"line":28,"column":13}},"15":{"start":{"line":46,"column":0},"end":{"line":46,"column":28}}},"branchMap":{"1":{"line":10,"type":"if","locations":[{"start":{"line":10,"column":4},"end":{"line":10,"column":4}},{"start":{"line":10,"column":4},"end":{"line":10,"column":4}}]},"2":{"line":10,"type":"binary-expr","locations":[{"start":{"line":10,"column":8},"end":{"line":10,"column":15}},{"start":{"line":10,"column":19},"end":{"line":10,"column":28}}]},"3":{"line":14,"type":"if","locations":[{"start":{"line":14,"column":4},"end":{"line":14,"column":4}},{"start":{"line":14,"column":4},"end":{"line":14,"column":4}}]},"4":{"line":14,"type":"binary-expr","locations":[{"start":{"line":14,"column":8},"end":{"line":14,"column":15}},{"start":{"line":14,"column":19},"end":{"line":14,"column":56}},{"start":{"line":14,"column":60},"end":{"line":14,"column":93}}]},"5":{"line":18,"type":"if","locations":[{"start":{"line":18,"column":6},"end":{"line":18,"column":6}},{"start":{"line":18,"column":6},"end":{"line":18,"column":6}}]}},"code":["\"use strict\";","/**"," *"," * @param pagedApi"," * @param collect Array function(result)"," * @returns function(options, callback)"," */","function allCursors(pagedApi, collect) {","  var all = function (options, callback) {","    if (options && !callback) {","      callback = options;","      options = undefined;","    }","    if (options && options.hasOwnProperty(\"next_cursor\") && options.next_cursor === undefined) {","      return callback([]);","    }","    pagedApi(options, function (error, result) {","      if (error) {","        console.error(error);","        callback([]);","      } else {","        all(Object.assign({max_results: 500}, options, {next_cursor: result.next_cursor}), function(collected){","          callback(collect(result).concat(collected));","        });","      }","    })","  };","  return all;","};","","//","// var cloudinary = require('../cloudinary').v2;","//","// var r;","// var listAllResources = allCursors(cloudinary.api.resources, (result)=> result.resources);","//","// listAllResources((resources)=> {console.log(\"got \" + resources.length + \" resources\");r = resources;});","//","// var listAllTransformations= allCursors(cloudinary.api.transformations, (result)=> result.transformations);","// listAllTransformations(function (transformations) {","//   console.log(\"got \" + transformations.length + \" transformations\");","//   r = transformations;","// });","//","","module.exports = allCursors;"],"l":{"8":1,"9":1,"10":0,"11":0,"12":0,"14":0,"15":0,"17":0,"18":0,"19":0,"20":0,"22":0,"23":0,"28":1,"46":1}},"/home/travis/build/npmtest/node-npmtest-cloudinary/node_modules/cloudinary/bin/get_all_tags.js":{"path":"/home/travis/build/npmtest/node-npmtest-cloudinary/node_modules/cloudinary/bin/get_all_tags.js","s":{"1":1,"2":1,"3":1,"4":0,"5":1},"b":{},"f":{},"fnMap":{},"statementMap":{"1":{"start":{"line":2,"column":0},"end":{"line":2,"column":42}},"2":{"start":{"line":3,"column":0},"end":{"line":3,"column":42}},"3":{"start":{"line":4,"column":0},"end":{"line":4,"column":70}},"4":{"start":{"line":4,"column":60},"end":{"line":4,"column":68}},"5":{"start":{"line":6,"column":0},"end":{"line":6,"column":28}}},"branchMap":{},"code":["\"use strict\";","let allCursors = require('./all_cursors');","let cloudinary = require('../cloudinary');","let getAllTags = allCursors(cloudinary.v2.api.tags, (res)=> res.tags);","","module.exports = getAllTags;"],"l":{"2":1,"3":1,"4":1,"6":1}},"/home/travis/build/npmtest/node-npmtest-cloudinary/node_modules/cloudinary/lib/akamai.js":{"path":"/home/travis/build/npmtest/node-npmtest-cloudinary/node_modules/cloudinary/lib/akamai.js","s":{"1":1,"2":1,"3":1,"4":1,"5":1,"6":0,"7":1,"8":0,"9":0,"10":0,"11":0,"12":0,"13":0,"14":0,"15":0,"16":0,"17":0,"18":0,"19":0,"20":0,"21":0,"22":0,"23":0,"24":0,"25":0,"26":0},"b":{"1":[0,0],"2":[0,0],"3":[0,0],"4":[0,0],"5":[0,0],"6":[0,0],"7":[0,0]},"f":{"1":1,"2":0,"3":0},"fnMap":{"1":{"name":"(anonymous_1)","line":2,"loc":{"start":{"line":2,"column":1},"end":{"line":2,"column":12}}},"2":{"name":"(anonymous_2)","line":9,"loc":{"start":{"line":9,"column":11},"end":{"line":9,"column":34}}},"3":{"name":"(anonymous_3)","line":13,"loc":{"start":{"line":13,"column":32},"end":{"line":13,"column":50}}}},"statementMap":{"1":{"start":{"line":2,"column":0},"end":{"line":40,"column":14}},"2":{"start":{"line":3,"column":2},"end":{"line":3,"column":29}},"3":{"start":{"line":5,"column":2},"end":{"line":5,"column":29}},"4":{"start":{"line":7,"column":2},"end":{"line":7,"column":31}},"5":{"start":{"line":9,"column":2},"end":{"line":11,"column":4}},"6":{"start":{"line":10,"column":4},"end":{"line":10,"column":93}},"7":{"start":{"line":13,"column":2},"end":{"line":38,"column":4}},"8":{"start":{"line":14,"column":4},"end":{"line":14,"column":77}},"9":{"start":{"line":15,"column":4},"end":{"line":15,"column":66}},"10":{"start":{"line":16,"column":4},"end":{"line":16,"column":76}},"11":{"start":{"line":17,"column":4},"end":{"line":17,"column":34}},"12":{"start":{"line":18,"column":4},"end":{"line":25,"column":5}},"13":{"start":{"line":19,"column":6},"end":{"line":24,"column":7}},"14":{"start":{"line":20,"column":8},"end":{"line":20,"column":72}},"15":{"start":{"line":21,"column":8},"end":{"line":21,"column":36}},"16":{"start":{"line":23,"column":8},"end":{"line":23,"column":55}},"17":{"start":{"line":26,"column":4},"end":{"line":26,"column":20}},"18":{"start":{"line":27,"column":4},"end":{"line":29,"column":5}},"19":{"start":{"line":28,"column":6},"end":{"line":28,"column":42}},"20":{"start":{"line":30,"column":4},"end":{"line":32,"column":5}},"21":{"start":{"line":31,"column":6},"end":{"line":31,"column":50}},"22":{"start":{"line":33,"column":4},"end":{"line":33,"column":41}},"23":{"start":{"line":34,"column":4},"end":{"line":34,"column":42}},"24":{"start":{"line":35,"column":4},"end":{"line":35,"column":45}},"25":{"start":{"line":36,"column":4},"end":{"line":36,"column":36}},"26":{"start":{"line":37,"column":4},"end":{"line":37,"column":52}}},"branchMap":{"1":{"line":15,"type":"cond-expr","locations":[{"start":{"line":15,"column":40},"end":{"line":15,"column":43}},{"start":{"line":15,"column":46},"end":{"line":15,"column":65}}]},"2":{"line":16,"type":"cond-expr","locations":[{"start":{"line":16,"column":53},"end":{"line":16,"column":57}},{"start":{"line":16,"column":60},"end":{"line":16,"column":75}}]},"3":{"line":18,"type":"if","locations":[{"start":{"line":18,"column":4},"end":{"line":18,"column":4}},{"start":{"line":18,"column":4},"end":{"line":18,"column":4}}]},"4":{"line":19,"type":"if","locations":[{"start":{"line":19,"column":6},"end":{"line":19,"column":6}},{"start":{"line":19,"column":6},"end":{"line":19,"column":6}}]},"5":{"line":20,"type":"cond-expr","locations":[{"start":{"line":20,"column":54},"end":{"line":20,"column":58}},{"start":{"line":20,"column":61},"end":{"line":20,"column":71}}]},"6":{"line":27,"type":"if","locations":[{"start":{"line":27,"column":4},"end":{"line":27,"column":4}},{"start":{"line":27,"column":4},"end":{"line":27,"column":4}}]},"7":{"line":30,"type":"if","locations":[{"start":{"line":30,"column":4},"end":{"line":30,"column":4}},{"start":{"line":30,"column":4},"end":{"line":30,"column":4}}]}},"code":["// Generated by CoffeeScript 1.12.2","(function() {","  var config, crypto, digest;","","  crypto = require('crypto');","","  config = require('./config');","","  digest = function(message, key) {","    return crypto.createHmac(\"sha256\", new Buffer(key, \"hex\")).update(message).digest('hex');","  };","","  exports.generateAkamaiToken = function(options) {","    var auth, expiration, key, ref, ref1, ref2, start, tokenName, tokenParts;","    key = (ref = options.key) != null ? ref : config().akamai_key;","    tokenName = (ref1 = options.tokenName) != null ? ref1 : \"__cld_token__\";","    expiration = options.end_time;","    if (expiration == null) {","      if (options.window == null) {","        start = (ref2 = options.start_time) != null ? ref2 : new Date();","        expiration = start + window;","      } else {","        throw \"Must provide either end_time or window\";","      }","    }","    tokenParts = [];","    if (options.ip != null) {","      tokenParts.push(\"ip=\" + options.ip);","    }","    if (options.start_time != null) {","      tokenParts.push(\"st=\" + options.start_time);","    }","    tokenParts.push(\"exp=\" + expiration);","    tokenParts.push(\"acl=\" + options.acl);","    auth = digest(tokenParts.join(\"~\"), key);","    tokenParts.push(\"hmac=\" + auth);","    return tokenName + \"=\" + (tokenParts.join('~'));","  };","","}).call(this);","","//# sourceMappingURL=akamai.js.map",""],"l":{"2":1,"3":1,"5":1,"7":1,"9":1,"10":0,"13":1,"14":0,"15":0,"16":0,"17":0,"18":0,"19":0,"20":0,"21":0,"23":0,"26":0,"27":0,"28":0,"30":0,"31":0,"33":0,"34":0,"35":0,"36":0,"37":0}},"/home/travis/build/npmtest/node-npmtest-cloudinary/node_modules/cloudinary/lib/generateAkamaiToken.js":{"path":"/home/travis/build/npmtest/node-npmtest-cloudinary/node_modules/cloudinary/lib/generateAkamaiToken.js","s":{"1":1,"2":1,"3":1,"4":1,"5":1,"6":0,"7":1,"8":0,"9":0,"10":0,"11":0,"12":0,"13":0,"14":0,"15":0,"16":0,"17":0,"18":0,"19":0,"20":0,"21":0,"22":0,"23":0,"24":0,"25":0,"26":0},"b":{"1":[0,0],"2":[0,0],"3":[0,0],"4":[0,0],"5":[0,0],"6":[0,0],"7":[0,0]},"f":{"1":1,"2":0,"3":0},"fnMap":{"1":{"name":"(anonymous_1)","line":2,"loc":{"start":{"line":2,"column":1},"end":{"line":2,"column":12}}},"2":{"name":"(anonymous_2)","line":9,"loc":{"start":{"line":9,"column":11},"end":{"line":9,"column":34}}},"3":{"name":"(anonymous_3)","line":13,"loc":{"start":{"line":13,"column":41},"end":{"line":13,"column":59}}}},"statementMap":{"1":{"start":{"line":2,"column":0},"end":{"line":40,"column":14}},"2":{"start":{"line":3,"column":2},"end":{"line":3,"column":50}},"3":{"start":{"line":5,"column":2},"end":{"line":5,"column":29}},"4":{"start":{"line":7,"column":2},"end":{"line":7,"column":31}},"5":{"start":{"line":9,"column":2},"end":{"line":11,"column":4}},"6":{"start":{"line":10,"column":4},"end":{"line":10,"column":93}},"7":{"start":{"line":13,"column":2},"end":{"line":38,"column":4}},"8":{"start":{"line":14,"column":4},"end":{"line":14,"column":77}},"9":{"start":{"line":15,"column":4},"end":{"line":15,"column":66}},"10":{"start":{"line":16,"column":4},"end":{"line":16,"column":77}},"11":{"start":{"line":17,"column":4},"end":{"line":17,"column":34}},"12":{"start":{"line":18,"column":4},"end":{"line":25,"column":5}},"13":{"start":{"line":19,"column":6},"end":{"line":24,"column":7}},"14":{"start":{"line":20,"column":8},"end":{"line":20,"column":91}},"15":{"start":{"line":21,"column":8},"end":{"line":21,"column":44}},"16":{"start":{"line":23,"column":8},"end":{"line":23,"column":66}},"17":{"start":{"line":26,"column":4},"end":{"line":26,"column":20}},"18":{"start":{"line":27,"column":4},"end":{"line":29,"column":5}},"19":{"start":{"line":28,"column":6},"end":{"line":28,"column":42}},"20":{"start":{"line":30,"column":4},"end":{"line":32,"column":5}},"21":{"start":{"line":31,"column":6},"end":{"line":31,"column":50}},"22":{"start":{"line":33,"column":4},"end":{"line":33,"column":41}},"23":{"start":{"line":34,"column":4},"end":{"line":34,"column":42}},"24":{"start":{"line":35,"column":4},"end":{"line":35,"column":45}},"25":{"start":{"line":36,"column":4},"end":{"line":36,"column":36}},"26":{"start":{"line":37,"column":4},"end":{"line":37,"column":52}}},"branchMap":{"1":{"line":15,"type":"cond-expr","locations":[{"start":{"line":15,"column":40},"end":{"line":15,"column":43}},{"start":{"line":15,"column":46},"end":{"line":15,"column":65}}]},"2":{"line":16,"type":"cond-expr","locations":[{"start":{"line":16,"column":54},"end":{"line":16,"column":58}},{"start":{"line":16,"column":61},"end":{"line":16,"column":76}}]},"3":{"line":18,"type":"if","locations":[{"start":{"line":18,"column":4},"end":{"line":18,"column":4}},{"start":{"line":18,"column":4},"end":{"line":18,"column":4}}]},"4":{"line":19,"type":"if","locations":[{"start":{"line":19,"column":6},"end":{"line":19,"column":6}},{"start":{"line":19,"column":6},"end":{"line":19,"column":6}}]},"5":{"line":20,"type":"cond-expr","locations":[{"start":{"line":20,"column":54},"end":{"line":20,"column":58}},{"start":{"line":20,"column":61},"end":{"line":20,"column":90}}]},"6":{"line":27,"type":"if","locations":[{"start":{"line":27,"column":4},"end":{"line":27,"column":4}},{"start":{"line":27,"column":4},"end":{"line":27,"column":4}}]},"7":{"line":30,"type":"if","locations":[{"start":{"line":30,"column":4},"end":{"line":30,"column":4}},{"start":{"line":30,"column":4},"end":{"line":30,"column":4}}]}},"code":["// Generated by CoffeeScript 1.12.2","(function() {","  var config, crypto, digest, generateAkamaiToken;","","  crypto = require('crypto');","","  config = require('./config');","","  digest = function(message, key) {","    return crypto.createHmac(\"sha256\", new Buffer(key, \"hex\")).update(message).digest('hex');","  };","","  module.exports = generateAkamaiToken = function(options) {","    var auth, expiration, key, ref, ref1, ref2, start, tokenName, tokenParts;","    key = (ref = options.key) != null ? ref : config().akamai_key;","    tokenName = (ref1 = options.token_name) != null ? ref1 : \"__cld_token__\";","    expiration = options.end_time;","    if (expiration == null) {","      if (options.window != null) {","        start = (ref2 = options.start_time) != null ? ref2 : Math.round(Date.now() / 1000);","        expiration = start + options.window;","      } else {","        throw new Error(\"Must provide either end_time or window\");","      }","    }","    tokenParts = [];","    if (options.ip != null) {","      tokenParts.push(\"ip=\" + options.ip);","    }","    if (options.start_time != null) {","      tokenParts.push(\"st=\" + options.start_time);","    }","    tokenParts.push(\"exp=\" + expiration);","    tokenParts.push(\"acl=\" + options.acl);","    auth = digest(tokenParts.join(\"~\"), key);","    tokenParts.push(\"hmac=\" + auth);","    return tokenName + \"=\" + (tokenParts.join('~'));","  };","","}).call(this);","","//# sourceMappingURL=generateAkamaiToken.js.map",""],"l":{"2":1,"3":1,"5":1,"7":1,"9":1,"10":0,"13":1,"14":0,"15":0,"16":0,"17":0,"18":0,"19":0,"20":0,"21":0,"23":0,"26":0,"27":0,"28":0,"30":0,"31":0,"33":0,"34":0,"35":0,"36":0,"37":0}}}